2022-05-30 11:16:32.105  INFO 21844 --- [main] .z.i.r.t.TutorRecommendSystemApplication : Starting TutorRecommendSystemApplication using Java 1.8.0_211 on DESKTOP-45SQB5D with PID 21844 (E:\ProgrameTest\ProjectTest\IDA_Final\IDA_T\tutor_recommend_system\target\classes started by Lenovo in E:\ProgrameTest\ProjectTest\IDA_Final\IDA_T)
2022-05-30 11:16:32.152  INFO 21844 --- [main] .z.i.r.t.TutorRecommendSystemApplication : No active profile set, falling back to default profiles: default
2022-05-30 11:16:33.987  INFO 21844 --- [main] .s.d.r.c.RepositoryConfigurationDelegate : Multiple Spring Data modules found, entering strict repository configuration mode!
2022-05-30 11:16:33.987  INFO 21844 --- [main] .s.d.r.c.RepositoryConfigurationDelegate : Bootstrapping Spring Data Neo4j repositories in DEFAULT mode.
2022-05-30 11:16:34.127  INFO 21844 --- [main] .s.d.r.c.RepositoryConfigurationDelegate : Finished Spring Data repository scanning in 131 ms. Found 0 Neo4j repository interfaces.
2022-05-30 11:16:34.127  INFO 21844 --- [main] .s.d.r.c.RepositoryConfigurationDelegate : Multiple Spring Data modules found, entering strict repository configuration mode!
2022-05-30 11:16:34.127  INFO 21844 --- [main] .s.d.r.c.RepositoryConfigurationDelegate : Bootstrapping Spring Data Neo4j repositories in DEFAULT mode.
2022-05-30 11:16:34.237  INFO 21844 --- [main] .s.d.r.c.RepositoryConfigurationDelegate : Finished Spring Data repository scanning in 96 ms. Found 9 Neo4j repository interfaces.
2022-05-30 11:16:34.268  INFO 21844 --- [main] .s.d.r.c.RepositoryConfigurationDelegate : Multiple Spring Data modules found, entering strict repository configuration mode!
2022-05-30 11:16:34.283  INFO 21844 --- [main] .s.d.r.c.RepositoryConfigurationDelegate : Bootstrapping Spring Data Redis repositories in DEFAULT mode.
2022-05-30 11:16:34.315  INFO 21844 --- [main] .RepositoryConfigurationExtensionSupport : Spring Data Redis - Could not safely identify store assignment for repository candidate interface com.zjut.ida.recommend.tutor.dao.Neo4jArticleRepository. If you want this repository to be a Redis repository, consider annotating your entities with one of these annotations: org.springframework.data.redis.core.RedisHash (preferred), or consider extending one of the following types with your repository: org.springframework.data.keyvalue.repository.KeyValueRepository.
2022-05-30 11:16:34.315  INFO 21844 --- [main] .RepositoryConfigurationExtensionSupport : Spring Data Redis - Could not safely identify store assignment for repository candidate interface com.zjut.ida.recommend.tutor.dao.Neo4jHorizontalProjectRepository. If you want this repository to be a Redis repository, consider annotating your entities with one of these annotations: org.springframework.data.redis.core.RedisHash (preferred), or consider extending one of the following types with your repository: org.springframework.data.keyvalue.repository.KeyValueRepository.
2022-05-30 11:16:34.315  INFO 21844 --- [main] .RepositoryConfigurationExtensionSupport : Spring Data Redis - Could not safely identify store assignment for repository candidate interface com.zjut.ida.recommend.tutor.dao.Neo4jPatentRepository. If you want this repository to be a Redis repository, consider annotating your entities with one of these annotations: org.springframework.data.redis.core.RedisHash (preferred), or consider extending one of the following types with your repository: org.springframework.data.keyvalue.repository.KeyValueRepository.
2022-05-30 11:16:34.330  INFO 21844 --- [main] .RepositoryConfigurationExtensionSupport : Spring Data Redis - Could not safely identify store assignment for repository candidate interface com.zjut.ida.recommend.tutor.dao.Neo4jTutorRepository. If you want this repository to be a Redis repository, consider annotating your entities with one of these annotations: org.springframework.data.redis.core.RedisHash (preferred), or consider extending one of the following types with your repository: org.springframework.data.keyvalue.repository.KeyValueRepository.
2022-05-30 11:16:34.330  INFO 21844 --- [main] .RepositoryConfigurationExtensionSupport : Spring Data Redis - Could not safely identify store assignment for repository candidate interface com.zjut.ida.recommend.tutor.dao.Neo4jVerticalProjectRepository. If you want this repository to be a Redis repository, consider annotating your entities with one of these annotations: org.springframework.data.redis.core.RedisHash (preferred), or consider extending one of the following types with your repository: org.springframework.data.keyvalue.repository.KeyValueRepository.
2022-05-30 11:16:34.330  INFO 21844 --- [main] .RepositoryConfigurationExtensionSupport : Spring Data Redis - Could not safely identify store assignment for repository candidate interface com.zjut.ida.recommend.tutor.m2ndao.SysClassDao. If you want this repository to be a Redis repository, consider annotating your entities with one of these annotations: org.springframework.data.redis.core.RedisHash (preferred), or consider extending one of the following types with your repository: org.springframework.data.keyvalue.repository.KeyValueRepository.
2022-05-30 11:16:34.330  INFO 21844 --- [main] .RepositoryConfigurationExtensionSupport : Spring Data Redis - Could not safely identify store assignment for repository candidate interface com.zjut.ida.recommend.tutor.m2ndao.SysCollegeDao. If you want this repository to be a Redis repository, consider annotating your entities with one of these annotations: org.springframework.data.redis.core.RedisHash (preferred), or consider extending one of the following types with your repository: org.springframework.data.keyvalue.repository.KeyValueRepository.
2022-05-30 11:16:34.330  INFO 21844 --- [main] .RepositoryConfigurationExtensionSupport : Spring Data Redis - Could not safely identify store assignment for repository candidate interface com.zjut.ida.recommend.tutor.m2ndao.SysScholarDao. If you want this repository to be a Redis repository, consider annotating your entities with one of these annotations: org.springframework.data.redis.core.RedisHash (preferred), or consider extending one of the following types with your repository: org.springframework.data.keyvalue.repository.KeyValueRepository.
2022-05-30 11:16:34.330  INFO 21844 --- [main] .RepositoryConfigurationExtensionSupport : Spring Data Redis - Could not safely identify store assignment for repository candidate interface com.zjut.ida.recommend.tutor.m2ndao.SysStudentDao. If you want this repository to be a Redis repository, consider annotating your entities with one of these annotations: org.springframework.data.redis.core.RedisHash (preferred), or consider extending one of the following types with your repository: org.springframework.data.keyvalue.repository.KeyValueRepository.
2022-05-30 11:16:34.330  INFO 21844 --- [main] .s.d.r.c.RepositoryConfigurationDelegate : Finished Spring Data repository scanning in 32 ms. Found 0 Redis repository interfaces.
2022-05-30 11:16:34.502  WARN 21844 --- [main] o.m.s.mapper.ClassPathMapperScanner      : Skipping MapperFactoryBean with name 'neo4jArticleRepository' and 'com.zjut.ida.recommend.tutor.dao.Neo4jArticleRepository' mapperInterface. Bean already defined with the same name!
2022-05-30 11:16:34.502  WARN 21844 --- [main] o.m.s.mapper.ClassPathMapperScanner      : Skipping MapperFactoryBean with name 'neo4jHorizontalProjectRepository' and 'com.zjut.ida.recommend.tutor.dao.Neo4jHorizontalProjectRepository' mapperInterface. Bean already defined with the same name!
2022-05-30 11:16:34.502  WARN 21844 --- [main] o.m.s.mapper.ClassPathMapperScanner      : Skipping MapperFactoryBean with name 'neo4jPatentRepository' and 'com.zjut.ida.recommend.tutor.dao.Neo4jPatentRepository' mapperInterface. Bean already defined with the same name!
2022-05-30 11:16:34.502  WARN 21844 --- [main] o.m.s.mapper.ClassPathMapperScanner      : Skipping MapperFactoryBean with name 'neo4jTutorRepository' and 'com.zjut.ida.recommend.tutor.dao.Neo4jTutorRepository' mapperInterface. Bean already defined with the same name!
2022-05-30 11:16:34.502  WARN 21844 --- [main] o.m.s.mapper.ClassPathMapperScanner      : Skipping MapperFactoryBean with name 'neo4jVerticalProjectRepository' and 'com.zjut.ida.recommend.tutor.dao.Neo4jVerticalProjectRepository' mapperInterface. Bean already defined with the same name!
2022-05-30 11:16:35.033  INFO 21844 --- [main] trationDelegate$BeanPostProcessorChecker : Bean 'redisConfig' of type [com.zjut.ida.recommend.tutor.config.RedisConfig$$EnhancerBySpringCGLIB$$b43a021f] is not eligible for getting processed by all BeanPostProcessors (for example: not eligible for auto-proxying)
2022-05-30 11:16:35.612  INFO 21844 --- [main] o.s.b.w.embedded.tomcat.TomcatWebServer  : Tomcat initialized with port(s): 8081 (http)
2022-05-30 11:16:35.627  INFO 21844 --- [main] o.apache.catalina.core.StandardService   : Starting service [Tomcat]
2022-05-30 11:16:35.627  INFO 21844 --- [main] org.apache.catalina.core.StandardEngine  : Starting Servlet engine: [Apache Tomcat/9.0.46]
2022-05-30 11:16:35.815  INFO 21844 --- [main] o.a.c.c.C.[Tomcat].[localhost].[/]       : Initializing Spring embedded WebApplicationContext
2022-05-30 11:16:35.815  INFO 21844 --- [main] w.s.c.ServletWebServerApplicationContext : Root WebApplicationContext: initialization completed in 3525 ms
2022-05-30 11:16:36.560  INFO 21844 --- [main] c.a.d.s.b.a.DruidDataSourceAutoConfigure : Init DruidDataSource
2022-05-30 11:16:37.161  INFO 21844 --- [main] com.alibaba.druid.pool.DruidDataSource   : {dataSource-1} inited
2022-05-30 11:16:44.498  INFO 21844 --- [main] org.neo4j.driver.Driver                  : Direct driver instance 67573741 created for server address 10.12.45.49:7687
2022-05-30 11:16:45.414  INFO 21844 --- [main] f.a.AutowiredAnnotationBeanPostProcessor : Autowired annotation is not supported on static fields: private static final java.lang.String com.zjut.ida.recommend.tutor.module.home.service.strategy.reason.impl.RankingReasonStrategy.CYPHER
2022-05-30 11:16:46.906  INFO 21844 --- [main] o.s.b.w.embedded.tomcat.TomcatWebServer  : Tomcat started on port(s): 8081 (http) with context path ''
2022-05-30 11:16:46.922  INFO 21844 --- [main] .z.i.r.t.TutorRecommendSystemApplication : Started TutorRecommendSystemApplication in 16.578 seconds (JVM running for 32.136)
