2022-05-02 18:14:59.725  INFO 7800 --- [main] .z.i.r.t.TutorRecommendSystemApplication : Starting TutorRecommendSystemApplication using Java 1.8.0_211 on DESKTOP-45SQB5D with PID 7800 (E:\ProgrameTest\ProjectTest\IDA_Final\IDA_T\tutor_recommend_system\target\classes started by Lenovo in E:\ProgrameTest\ProjectTest\IDA_Final\IDA_T)
2022-05-02 18:14:59.737  INFO 7800 --- [main] .z.i.r.t.TutorRecommendSystemApplication : No active profile set, falling back to default profiles: default
2022-05-02 18:15:02.199  INFO 7800 --- [main] .s.d.r.c.RepositoryConfigurationDelegate : Multiple Spring Data modules found, entering strict repository configuration mode!
2022-05-02 18:15:02.202  INFO 7800 --- [main] .s.d.r.c.RepositoryConfigurationDelegate : Bootstrapping Spring Data Neo4j repositories in DEFAULT mode.
2022-05-02 18:15:02.306  INFO 7800 --- [main] .s.d.r.c.RepositoryConfigurationDelegate : Finished Spring Data repository scanning in 96 ms. Found 0 Neo4j repository interfaces.
2022-05-02 18:15:02.312  INFO 7800 --- [main] .s.d.r.c.RepositoryConfigurationDelegate : Multiple Spring Data modules found, entering strict repository configuration mode!
2022-05-02 18:15:02.313  INFO 7800 --- [main] .s.d.r.c.RepositoryConfigurationDelegate : Bootstrapping Spring Data Neo4j repositories in DEFAULT mode.
2022-05-02 18:15:02.391  INFO 7800 --- [main] .s.d.r.c.RepositoryConfigurationDelegate : Finished Spring Data repository scanning in 78 ms. Found 8 Neo4j repository interfaces.
2022-05-02 18:15:02.424  INFO 7800 --- [main] .s.d.r.c.RepositoryConfigurationDelegate : Multiple Spring Data modules found, entering strict repository configuration mode!
2022-05-02 18:15:02.426  INFO 7800 --- [main] .s.d.r.c.RepositoryConfigurationDelegate : Bootstrapping Spring Data Redis repositories in DEFAULT mode.
2022-05-02 18:15:02.458  INFO 7800 --- [main] .RepositoryConfigurationExtensionSupport : Spring Data Redis - Could not safely identify store assignment for repository candidate interface com.zjut.ida.recommend.tutor.dao.Neo4jArticleRepository. If you want this repository to be a Redis repository, consider annotating your entities with one of these annotations: org.springframework.data.redis.core.RedisHash (preferred), or consider extending one of the following types with your repository: org.springframework.data.keyvalue.repository.KeyValueRepository.
2022-05-02 18:15:02.459  INFO 7800 --- [main] .RepositoryConfigurationExtensionSupport : Spring Data Redis - Could not safely identify store assignment for repository candidate interface com.zjut.ida.recommend.tutor.dao.Neo4jHorizontalProjectRepository. If you want this repository to be a Redis repository, consider annotating your entities with one of these annotations: org.springframework.data.redis.core.RedisHash (preferred), or consider extending one of the following types with your repository: org.springframework.data.keyvalue.repository.KeyValueRepository.
2022-05-02 18:15:02.460  INFO 7800 --- [main] .RepositoryConfigurationExtensionSupport : Spring Data Redis - Could not safely identify store assignment for repository candidate interface com.zjut.ida.recommend.tutor.dao.Neo4jPatentRepository. If you want this repository to be a Redis repository, consider annotating your entities with one of these annotations: org.springframework.data.redis.core.RedisHash (preferred), or consider extending one of the following types with your repository: org.springframework.data.keyvalue.repository.KeyValueRepository.
2022-05-02 18:15:02.461  INFO 7800 --- [main] .RepositoryConfigurationExtensionSupport : Spring Data Redis - Could not safely identify store assignment for repository candidate interface com.zjut.ida.recommend.tutor.dao.Neo4jTutorRepository. If you want this repository to be a Redis repository, consider annotating your entities with one of these annotations: org.springframework.data.redis.core.RedisHash (preferred), or consider extending one of the following types with your repository: org.springframework.data.keyvalue.repository.KeyValueRepository.
2022-05-02 18:15:02.464  INFO 7800 --- [main] .RepositoryConfigurationExtensionSupport : Spring Data Redis - Could not safely identify store assignment for repository candidate interface com.zjut.ida.recommend.tutor.dao.Neo4jVerticalProjectRepository. If you want this repository to be a Redis repository, consider annotating your entities with one of these annotations: org.springframework.data.redis.core.RedisHash (preferred), or consider extending one of the following types with your repository: org.springframework.data.keyvalue.repository.KeyValueRepository.
2022-05-02 18:15:02.465  INFO 7800 --- [main] .RepositoryConfigurationExtensionSupport : Spring Data Redis - Could not safely identify store assignment for repository candidate interface com.zjut.ida.recommend.tutor.m2ndao.SysClassDao. If you want this repository to be a Redis repository, consider annotating your entities with one of these annotations: org.springframework.data.redis.core.RedisHash (preferred), or consider extending one of the following types with your repository: org.springframework.data.keyvalue.repository.KeyValueRepository.
2022-05-02 18:15:02.466  INFO 7800 --- [main] .RepositoryConfigurationExtensionSupport : Spring Data Redis - Could not safely identify store assignment for repository candidate interface com.zjut.ida.recommend.tutor.m2ndao.SysCollegeDao. If you want this repository to be a Redis repository, consider annotating your entities with one of these annotations: org.springframework.data.redis.core.RedisHash (preferred), or consider extending one of the following types with your repository: org.springframework.data.keyvalue.repository.KeyValueRepository.
2022-05-02 18:15:02.467  INFO 7800 --- [main] .RepositoryConfigurationExtensionSupport : Spring Data Redis - Could not safely identify store assignment for repository candidate interface com.zjut.ida.recommend.tutor.m2ndao.SysStudentDao. If you want this repository to be a Redis repository, consider annotating your entities with one of these annotations: org.springframework.data.redis.core.RedisHash (preferred), or consider extending one of the following types with your repository: org.springframework.data.keyvalue.repository.KeyValueRepository.
2022-05-02 18:15:02.467  INFO 7800 --- [main] .s.d.r.c.RepositoryConfigurationDelegate : Finished Spring Data repository scanning in 29 ms. Found 0 Redis repository interfaces.
2022-05-02 18:15:02.660  WARN 7800 --- [main] o.m.s.mapper.ClassPathMapperScanner      : Skipping MapperFactoryBean with name 'neo4jArticleRepository' and 'com.zjut.ida.recommend.tutor.dao.Neo4jArticleRepository' mapperInterface. Bean already defined with the same name!
2022-05-02 18:15:02.660  WARN 7800 --- [main] o.m.s.mapper.ClassPathMapperScanner      : Skipping MapperFactoryBean with name 'neo4jHorizontalProjectRepository' and 'com.zjut.ida.recommend.tutor.dao.Neo4jHorizontalProjectRepository' mapperInterface. Bean already defined with the same name!
2022-05-02 18:15:02.662  WARN 7800 --- [main] o.m.s.mapper.ClassPathMapperScanner      : Skipping MapperFactoryBean with name 'neo4jPatentRepository' and 'com.zjut.ida.recommend.tutor.dao.Neo4jPatentRepository' mapperInterface. Bean already defined with the same name!
2022-05-02 18:15:02.663  WARN 7800 --- [main] o.m.s.mapper.ClassPathMapperScanner      : Skipping MapperFactoryBean with name 'neo4jTutorRepository' and 'com.zjut.ida.recommend.tutor.dao.Neo4jTutorRepository' mapperInterface. Bean already defined with the same name!
2022-05-02 18:15:02.664  WARN 7800 --- [main] o.m.s.mapper.ClassPathMapperScanner      : Skipping MapperFactoryBean with name 'neo4jVerticalProjectRepository' and 'com.zjut.ida.recommend.tutor.dao.Neo4jVerticalProjectRepository' mapperInterface. Bean already defined with the same name!
2022-05-02 18:15:03.183  INFO 7800 --- [main] trationDelegate$BeanPostProcessorChecker : Bean 'redisConfig' of type [com.zjut.ida.recommend.tutor.config.RedisConfig$$EnhancerBySpringCGLIB$$bc9385e9] is not eligible for getting processed by all BeanPostProcessors (for example: not eligible for auto-proxying)
2022-05-02 18:15:03.792  INFO 7800 --- [main] o.s.b.w.embedded.tomcat.TomcatWebServer  : Tomcat initialized with port(s): 8081 (http)
2022-05-02 18:15:03.803  INFO 7800 --- [main] o.apache.catalina.core.StandardService   : Starting service [Tomcat]
2022-05-02 18:15:03.803  INFO 7800 --- [main] org.apache.catalina.core.StandardEngine  : Starting Servlet engine: [Apache Tomcat/9.0.46]
2022-05-02 18:15:04.052  INFO 7800 --- [main] o.a.c.c.C.[Tomcat].[localhost].[/]       : Initializing Spring embedded WebApplicationContext
2022-05-02 18:15:04.053  INFO 7800 --- [main] w.s.c.ServletWebServerApplicationContext : Root WebApplicationContext: initialization completed in 4064 ms
2022-05-02 18:15:04.948  INFO 7800 --- [main] c.a.d.s.b.a.DruidDataSourceAutoConfigure : Init DruidDataSource
2022-05-02 18:15:05.614  INFO 7800 --- [main] com.alibaba.druid.pool.DruidDataSource   : {dataSource-1} inited
2022-05-02 18:15:14.589  INFO 7800 --- [main] org.neo4j.driver.Driver                  : Direct driver instance 1612625071 created for server address 10.12.45.49:7687
2022-05-02 18:15:15.611  INFO 7800 --- [main] f.a.AutowiredAnnotationBeanPostProcessor : Autowired annotation is not supported on static fields: private static final java.lang.String com.zjut.ida.recommend.tutor.module.home.service.strategy.reason.impl.RankingReasonStrategy.CYPHER
2022-05-02 18:15:17.222  INFO 7800 --- [main] o.s.b.w.embedded.tomcat.TomcatWebServer  : Tomcat started on port(s): 8081 (http) with context path ''
2022-05-02 18:15:17.234  INFO 7800 --- [main] .z.i.r.t.TutorRecommendSystemApplication : Started TutorRecommendSystemApplication in 20.068 seconds (JVM running for 27.569)
2022-05-02 18:15:27.941  INFO 7800 --- [http-nio-8081-exec-1] o.a.c.c.C.[Tomcat].[localhost].[/]       : Initializing Spring DispatcherServlet 'dispatcherServlet'
2022-05-02 18:15:27.941  INFO 7800 --- [http-nio-8081-exec-1] o.s.web.servlet.DispatcherServlet        : Initializing Servlet 'dispatcherServlet'
2022-05-02 18:15:27.944  INFO 7800 --- [http-nio-8081-exec-1] o.s.web.servlet.DispatcherServlet        : Completed initialization in 2 ms
2022-05-02 18:15:28.029  INFO 7800 --- [http-nio-8081-exec-2] c.z.i.r.tutor.config.aspect.LogAspect    : 请求开始=====================================================================================
2022-05-02 18:15:28.033  INFO 7800 --- [http-nio-8081-exec-2] c.z.i.r.tutor.config.aspect.LogAspect    : URL : http://localhost:8081/recommend/label/list
2022-05-02 18:15:28.033  INFO 7800 --- [http-nio-8081-exec-2] c.z.i.r.tutor.config.aspect.LogAspect    : HTTP_METHOD : GET
2022-05-02 18:15:28.033  INFO 7800 --- [http-nio-8081-exec-2] c.z.i.r.tutor.config.aspect.LogAspect    : IP : 0:0:0:0:0:0:0:1
2022-05-02 18:15:28.033  INFO 7800 --- [http-nio-8081-exec-2] c.z.i.r.tutor.config.aspect.LogAspect    : X-Forwarded-For : null
2022-05-02 18:15:28.036  INFO 7800 --- [http-nio-8081-exec-2] c.z.i.r.tutor.config.aspect.LogAspect    : CLASS_METHOD : com.zjut.ida.recommend.tutor.module.home.controller.RecommendController.labelList
2022-05-02 18:15:28.037  INFO 7800 --- [http-nio-8081-exec-2] c.z.i.r.tutor.config.aspect.LogAspect    : ARGS : [{}]
2022-05-02 18:15:28.037  INFO 7800 --- [http-nio-8081-exec-2] c.z.i.r.tutor.config.aspect.LogAspect    : REQUEST PARAMETER: {}
2022-05-02 18:15:28.039  INFO 7800 --- [http-nio-8081-exec-1] c.z.i.r.tutor.config.aspect.LogAspect    : 请求开始=====================================================================================
2022-05-02 18:15:28.039  INFO 7800 --- [http-nio-8081-exec-1] c.z.i.r.tutor.config.aspect.LogAspect    : URL : http://localhost:8081/recommend/search
2022-05-02 18:15:28.039  INFO 7800 --- [http-nio-8081-exec-1] c.z.i.r.tutor.config.aspect.LogAspect    : HTTP_METHOD : GET
2022-05-02 18:15:28.039  INFO 7800 --- [http-nio-8081-exec-1] c.z.i.r.tutor.config.aspect.LogAspect    : IP : 0:0:0:0:0:0:0:1
2022-05-02 18:15:28.040  INFO 7800 --- [http-nio-8081-exec-1] c.z.i.r.tutor.config.aspect.LogAspect    : X-Forwarded-For : null
2022-05-02 18:15:28.040  INFO 7800 --- [http-nio-8081-exec-1] c.z.i.r.tutor.config.aspect.LogAspect    : CLASS_METHOD : com.zjut.ida.recommend.tutor.module.home.controller.RecommendController.search
2022-05-02 18:15:28.040  INFO 7800 --- [http-nio-8081-exec-1] c.z.i.r.tutor.config.aspect.LogAspect    : ARGS : [1, 5, , {}]
2022-05-02 18:15:28.040  INFO 7800 --- [http-nio-8081-exec-1] c.z.i.r.tutor.config.aspect.LogAspect    : REQUEST PARAMETER: {pageSize=5, pageNum=1}
2022-05-02 18:15:28.066  INFO 7800 --- [http-nio-8081-exec-1] c.z.i.r.t.m.h.s.c.engine.EngineBase      : 决策树引擎=>推荐规则决策树 treeNode：12 ruleKey：IS_REGISTER matterValue：0
2022-05-02 18:15:28.066  INFO 7800 --- [http-nio-8081-exec-2] c.z.i.r.t.m.h.s.c.engine.EngineBase      : 决策树引擎=>推荐规则决策树 treeNode：12 ruleKey：IS_REGISTER matterValue：0
2022-05-02 18:15:38.919  INFO 7800 --- [http-nio-8081-exec-2] c.z.i.r.tutor.config.aspect.LogAspect    : 请求结束====================================================================================
2022-05-02 18:15:38.920  INFO 7800 --- [http-nio-8081-exec-2] c.z.i.r.tutor.config.aspect.LogAspect    : return : tutor/tutor_study_speciality_list
2022-05-02 18:15:38.920  INFO 7800 --- [http-nio-8081-exec-2] c.z.i.r.tutor.config.aspect.LogAspect    : com.zjut.ida.recommend.tutor.module.home.controller.RecommendController.labelList SPEND TIME : 10891ms
2022-05-02 18:15:39.329  INFO 7800 --- [http-nio-8081-exec-1] c.z.i.r.tutor.config.aspect.LogAspect    : 请求结束====================================================================================
2022-05-02 18:15:39.330  INFO 7800 --- [http-nio-8081-exec-1] c.z.i.r.tutor.config.aspect.LogAspect    : return : student/student_recommend_list
2022-05-02 18:15:39.332  INFO 7800 --- [http-nio-8081-exec-1] c.z.i.r.tutor.config.aspect.LogAspect    : com.zjut.ida.recommend.tutor.module.home.controller.RecommendController.search SPEND TIME : 11293ms
2022-05-02 18:15:45.846  INFO 7800 --- [http-nio-8081-exec-5] c.z.i.r.tutor.config.aspect.LogAspect    : 请求开始=====================================================================================
2022-05-02 18:15:45.847  INFO 7800 --- [http-nio-8081-exec-5] c.z.i.r.tutor.config.aspect.LogAspect    : URL : http://localhost:8081/dict/college/list
2022-05-02 18:15:45.847  INFO 7800 --- [http-nio-8081-exec-5] c.z.i.r.tutor.config.aspect.LogAspect    : HTTP_METHOD : GET
2022-05-02 18:15:45.847  INFO 7800 --- [http-nio-8081-exec-5] c.z.i.r.tutor.config.aspect.LogAspect    : IP : 0:0:0:0:0:0:0:1
2022-05-02 18:15:45.848  INFO 7800 --- [http-nio-8081-exec-5] c.z.i.r.tutor.config.aspect.LogAspect    : X-Forwarded-For : null
2022-05-02 18:15:45.848  INFO 7800 --- [http-nio-8081-exec-5] c.z.i.r.tutor.config.aspect.LogAspect    : CLASS_METHOD : com.zjut.ida.recommend.tutor.module.common.controller.CommonDictController.collegeList
2022-05-02 18:15:45.848  INFO 7800 --- [http-nio-8081-exec-5] c.z.i.r.tutor.config.aspect.LogAspect    : ARGS : []
2022-05-02 18:15:45.850  INFO 7800 --- [http-nio-8081-exec-5] c.z.i.r.tutor.config.aspect.LogAspect    : REQUEST PARAMETER: {}
2022-05-02 18:15:45.855  INFO 7800 --- [http-nio-8081-exec-6] c.z.i.r.tutor.config.aspect.LogAspect    : 请求开始=====================================================================================
2022-05-02 18:15:45.869  INFO 7800 --- [http-nio-8081-exec-6] c.z.i.r.tutor.config.aspect.LogAspect    : URL : http://localhost:8081/dict/admission/list
2022-05-02 18:15:45.870  INFO 7800 --- [http-nio-8081-exec-6] c.z.i.r.tutor.config.aspect.LogAspect    : HTTP_METHOD : GET
2022-05-02 18:15:45.870  INFO 7800 --- [http-nio-8081-exec-6] c.z.i.r.tutor.config.aspect.LogAspect    : IP : 0:0:0:0:0:0:0:1
2022-05-02 18:15:45.870  INFO 7800 --- [http-nio-8081-exec-6] c.z.i.r.tutor.config.aspect.LogAspect    : X-Forwarded-For : null
2022-05-02 18:15:45.870  INFO 7800 --- [http-nio-8081-exec-6] c.z.i.r.tutor.config.aspect.LogAspect    : CLASS_METHOD : com.zjut.ida.recommend.tutor.module.common.controller.CommonDictController.admissionYearList
2022-05-02 18:15:45.870  INFO 7800 --- [http-nio-8081-exec-6] c.z.i.r.tutor.config.aspect.LogAspect    : ARGS : []
2022-05-02 18:15:45.870  INFO 7800 --- [http-nio-8081-exec-6] c.z.i.r.tutor.config.aspect.LogAspect    : REQUEST PARAMETER: {}
2022-05-02 18:15:45.877  INFO 7800 --- [http-nio-8081-exec-5] c.z.i.r.tutor.config.aspect.LogAspect    : 请求结束====================================================================================
2022-05-02 18:15:45.891  INFO 7800 --- [http-nio-8081-exec-6] c.z.i.r.tutor.config.aspect.LogAspect    : 请求结束====================================================================================
2022-05-02 18:15:46.043  INFO 7800 --- [http-nio-8081-exec-6] c.z.i.r.tutor.config.aspect.LogAspect    : return : {"result_msg":"成功","data":[2017,2016,0],"result_code":0}
2022-05-02 18:15:46.043  INFO 7800 --- [http-nio-8081-exec-5] c.z.i.r.tutor.config.aspect.LogAspect    : return : {"result_msg":"成功","data":["药学院","材料与工程学院","建筑工程学院","信息工程学院","教育科学与技术学院","人文学院","法学院","政治与公共管理学院","成人教育学院","环境学院","经济学院","计算机科学与技术学院","化学工程学院","海洋学院","经贸管理学院","理学院","设计艺术学院","健行学院","外国语学院","国际学院","机械工程学院","管理学院"],"result_code":0}
2022-05-02 18:15:46.044  INFO 7800 --- [http-nio-8081-exec-6] c.z.i.r.tutor.config.aspect.LogAspect    : com.zjut.ida.recommend.tutor.module.common.controller.CommonDictController.admissionYearList SPEND TIME : 189ms
2022-05-02 18:15:46.044  INFO 7800 --- [http-nio-8081-exec-5] c.z.i.r.tutor.config.aspect.LogAspect    : com.zjut.ida.recommend.tutor.module.common.controller.CommonDictController.collegeList SPEND TIME : 198ms
2022-05-02 18:15:49.062  INFO 7800 --- [http-nio-8081-exec-7] c.z.i.r.tutor.config.aspect.LogAspect    : 请求开始=====================================================================================
2022-05-02 18:15:49.063  INFO 7800 --- [http-nio-8081-exec-7] c.z.i.r.tutor.config.aspect.LogAspect    : URL : http://localhost:8081/dict/college/list
2022-05-02 18:15:49.063  INFO 7800 --- [http-nio-8081-exec-7] c.z.i.r.tutor.config.aspect.LogAspect    : HTTP_METHOD : GET
2022-05-02 18:15:49.063  INFO 7800 --- [http-nio-8081-exec-8] c.z.i.r.tutor.config.aspect.LogAspect    : 请求开始=====================================================================================
2022-05-02 18:15:49.063  INFO 7800 --- [http-nio-8081-exec-7] c.z.i.r.tutor.config.aspect.LogAspect    : IP : 0:0:0:0:0:0:0:1
2022-05-02 18:15:49.063  INFO 7800 --- [http-nio-8081-exec-8] c.z.i.r.tutor.config.aspect.LogAspect    : URL : http://localhost:8081/dict/admission/list
2022-05-02 18:15:49.063  INFO 7800 --- [http-nio-8081-exec-8] c.z.i.r.tutor.config.aspect.LogAspect    : HTTP_METHOD : GET
2022-05-02 18:15:49.063  INFO 7800 --- [http-nio-8081-exec-8] c.z.i.r.tutor.config.aspect.LogAspect    : IP : 0:0:0:0:0:0:0:1
2022-05-02 18:15:49.063  INFO 7800 --- [http-nio-8081-exec-7] c.z.i.r.tutor.config.aspect.LogAspect    : X-Forwarded-For : null
2022-05-02 18:15:49.063  INFO 7800 --- [http-nio-8081-exec-7] c.z.i.r.tutor.config.aspect.LogAspect    : CLASS_METHOD : com.zjut.ida.recommend.tutor.module.common.controller.CommonDictController.collegeList
2022-05-02 18:15:49.064  INFO 7800 --- [http-nio-8081-exec-7] c.z.i.r.tutor.config.aspect.LogAspect    : ARGS : []
2022-05-02 18:15:49.064  INFO 7800 --- [http-nio-8081-exec-7] c.z.i.r.tutor.config.aspect.LogAspect    : REQUEST PARAMETER: {}
2022-05-02 18:15:49.064  INFO 7800 --- [http-nio-8081-exec-8] c.z.i.r.tutor.config.aspect.LogAspect    : X-Forwarded-For : null
2022-05-02 18:15:49.070  INFO 7800 --- [http-nio-8081-exec-8] c.z.i.r.tutor.config.aspect.LogAspect    : CLASS_METHOD : com.zjut.ida.recommend.tutor.module.common.controller.CommonDictController.admissionYearList
2022-05-02 18:15:49.070  INFO 7800 --- [http-nio-8081-exec-8] c.z.i.r.tutor.config.aspect.LogAspect    : ARGS : []
2022-05-02 18:15:49.070  INFO 7800 --- [http-nio-8081-exec-8] c.z.i.r.tutor.config.aspect.LogAspect    : REQUEST PARAMETER: {}
2022-05-02 18:15:49.074  INFO 7800 --- [http-nio-8081-exec-7] c.z.i.r.tutor.config.aspect.LogAspect    : 请求结束====================================================================================
2022-05-02 18:15:49.086  INFO 7800 --- [http-nio-8081-exec-7] c.z.i.r.tutor.config.aspect.LogAspect    : return : {"result_msg":"成功","data":["药学院","材料与工程学院","建筑工程学院","信息工程学院","教育科学与技术学院","人文学院","法学院","政治与公共管理学院","成人教育学院","环境学院","经济学院","计算机科学与技术学院","化学工程学院","海洋学院","经贸管理学院","理学院","设计艺术学院","健行学院","外国语学院","国际学院","机械工程学院","管理学院"],"result_code":0}
2022-05-02 18:15:49.086  INFO 7800 --- [http-nio-8081-exec-7] c.z.i.r.tutor.config.aspect.LogAspect    : com.zjut.ida.recommend.tutor.module.common.controller.CommonDictController.collegeList SPEND TIME : 24ms
2022-05-02 18:15:49.081  INFO 7800 --- [http-nio-8081-exec-8] c.z.i.r.tutor.config.aspect.LogAspect    : 请求结束====================================================================================
2022-05-02 18:15:49.090  INFO 7800 --- [http-nio-8081-exec-8] c.z.i.r.tutor.config.aspect.LogAspect    : return : {"result_msg":"成功","data":[2017,2016,0],"result_code":0}
2022-05-02 18:15:49.090  INFO 7800 --- [http-nio-8081-exec-8] c.z.i.r.tutor.config.aspect.LogAspect    : com.zjut.ida.recommend.tutor.module.common.controller.CommonDictController.admissionYearList SPEND TIME : 27ms
2022-05-02 18:16:03.466  INFO 7800 --- [http-nio-8081-exec-9] c.z.i.r.tutor.config.aspect.LogAspect    : 请求开始=====================================================================================
2022-05-02 18:16:03.466  INFO 7800 --- [http-nio-8081-exec-9] c.z.i.r.tutor.config.aspect.LogAspect    : URL : http://localhost:8081/dict/class/search
2022-05-02 18:16:03.467  INFO 7800 --- [http-nio-8081-exec-9] c.z.i.r.tutor.config.aspect.LogAspect    : HTTP_METHOD : GET
2022-05-02 18:16:03.467  INFO 7800 --- [http-nio-8081-exec-9] c.z.i.r.tutor.config.aspect.LogAspect    : IP : 0:0:0:0:0:0:0:1
2022-05-02 18:16:03.467  INFO 7800 --- [http-nio-8081-exec-9] c.z.i.r.tutor.config.aspect.LogAspect    : X-Forwarded-For : null
2022-05-02 18:16:03.467  INFO 7800 --- [http-nio-8081-exec-9] c.z.i.r.tutor.config.aspect.LogAspect    : CLASS_METHOD : com.zjut.ida.recommend.tutor.module.common.controller.CommonDictController.classSearch
2022-05-02 18:16:03.467  INFO 7800 --- [http-nio-8081-exec-9] c.z.i.r.tutor.config.aspect.LogAspect    : ARGS : [2017, 计算机科学与技术学院]
2022-05-02 18:16:03.467  INFO 7800 --- [http-nio-8081-exec-9] c.z.i.r.tutor.config.aspect.LogAspect    : REQUEST PARAMETER: {collegeName=计算机科学与技术学院, admissionYear=2017}
2022-05-02 18:16:03.576  INFO 7800 --- [http-nio-8081-exec-9] c.z.i.r.tutor.config.aspect.LogAspect    : 请求结束====================================================================================
2022-05-02 18:16:03.576  INFO 7800 --- [http-nio-8081-exec-9] c.z.i.r.tutor.config.aspect.LogAspect    : return : {"result_msg":"成功","data":["数媒1701","数媒1702","物联网1701","物联网1702","网工1701","网络工程1701","网络工程1702班","计实1701","计科1701","计科1702","计科1703","计科1704","软工1701","软工1702","软工1703","软工1704","软工1705","软工1706","（中外）软工1701","（中外）软工1702","（中外）软工1703"],"result_code":0}
2022-05-02 18:16:03.576  INFO 7800 --- [http-nio-8081-exec-9] c.z.i.r.tutor.config.aspect.LogAspect    : com.zjut.ida.recommend.tutor.module.common.controller.CommonDictController.classSearch SPEND TIME : 110ms
2022-05-02 18:16:07.916  INFO 7800 --- [http-nio-8081-exec-10] c.z.i.r.tutor.config.aspect.LogAspect    : 请求开始=====================================================================================
2022-05-02 18:16:07.917  INFO 7800 --- [http-nio-8081-exec-10] c.z.i.r.tutor.config.aspect.LogAspect    : URL : http://localhost:8081/dict/class/search
2022-05-02 18:16:07.917  INFO 7800 --- [http-nio-8081-exec-10] c.z.i.r.tutor.config.aspect.LogAspect    : HTTP_METHOD : GET
2022-05-02 18:16:07.918  INFO 7800 --- [http-nio-8081-exec-10] c.z.i.r.tutor.config.aspect.LogAspect    : IP : 0:0:0:0:0:0:0:1
2022-05-02 18:16:07.918  INFO 7800 --- [http-nio-8081-exec-10] c.z.i.r.tutor.config.aspect.LogAspect    : X-Forwarded-For : null
2022-05-02 18:16:07.918  INFO 7800 --- [http-nio-8081-exec-10] c.z.i.r.tutor.config.aspect.LogAspect    : CLASS_METHOD : com.zjut.ida.recommend.tutor.module.common.controller.CommonDictController.classSearch
2022-05-02 18:16:07.918  INFO 7800 --- [http-nio-8081-exec-10] c.z.i.r.tutor.config.aspect.LogAspect    : ARGS : [2016, 计算机科学与技术学院]
2022-05-02 18:16:07.918  INFO 7800 --- [http-nio-8081-exec-10] c.z.i.r.tutor.config.aspect.LogAspect    : REQUEST PARAMETER: {collegeName=计算机科学与技术学院, admissionYear=2016}
2022-05-02 18:16:07.931  INFO 7800 --- [http-nio-8081-exec-10] c.z.i.r.tutor.config.aspect.LogAspect    : 请求结束====================================================================================
2022-05-02 18:16:07.931  INFO 7800 --- [http-nio-8081-exec-10] c.z.i.r.tutor.config.aspect.LogAspect    : return : {"result_msg":"成功","data":["数媒1601"],"result_code":0}
2022-05-02 18:16:07.931  INFO 7800 --- [http-nio-8081-exec-10] c.z.i.r.tutor.config.aspect.LogAspect    : com.zjut.ida.recommend.tutor.module.common.controller.CommonDictController.classSearch SPEND TIME : 15ms
2022-05-02 18:16:09.750  INFO 7800 --- [http-nio-8081-exec-2] c.z.i.r.tutor.config.aspect.LogAspect    : 请求开始=====================================================================================
2022-05-02 18:16:09.751  INFO 7800 --- [http-nio-8081-exec-2] c.z.i.r.tutor.config.aspect.LogAspect    : URL : http://localhost:8081/dict/class/search
2022-05-02 18:16:09.752  INFO 7800 --- [http-nio-8081-exec-2] c.z.i.r.tutor.config.aspect.LogAspect    : HTTP_METHOD : GET
2022-05-02 18:16:09.752  INFO 7800 --- [http-nio-8081-exec-2] c.z.i.r.tutor.config.aspect.LogAspect    : IP : 0:0:0:0:0:0:0:1
2022-05-02 18:16:09.752  INFO 7800 --- [http-nio-8081-exec-2] c.z.i.r.tutor.config.aspect.LogAspect    : X-Forwarded-For : null
2022-05-02 18:16:09.753  INFO 7800 --- [http-nio-8081-exec-2] c.z.i.r.tutor.config.aspect.LogAspect    : CLASS_METHOD : com.zjut.ida.recommend.tutor.module.common.controller.CommonDictController.classSearch
2022-05-02 18:16:09.753  INFO 7800 --- [http-nio-8081-exec-2] c.z.i.r.tutor.config.aspect.LogAspect    : ARGS : [0, 计算机科学与技术学院]
2022-05-02 18:16:09.753  INFO 7800 --- [http-nio-8081-exec-2] c.z.i.r.tutor.config.aspect.LogAspect    : REQUEST PARAMETER: {collegeName=计算机科学与技术学院, admissionYear=0}
2022-05-02 18:16:09.772  INFO 7800 --- [http-nio-8081-exec-2] c.z.i.r.tutor.config.aspect.LogAspect    : 请求结束====================================================================================
2022-05-02 18:16:09.773  INFO 7800 --- [http-nio-8081-exec-2] c.z.i.r.tutor.config.aspect.LogAspect    : return : {"result_msg":"成功","data":["数字媒体技术","数据科学与大数据技术","物联网工程","网络工程","计算机科学与技术","计算机科学与技术学院(实验班)","软件工程","软件工程(中外合作办学)"],"result_code":0}
2022-05-02 18:16:09.773  INFO 7800 --- [http-nio-8081-exec-2] c.z.i.r.tutor.config.aspect.LogAspect    : com.zjut.ida.recommend.tutor.module.common.controller.CommonDictController.classSearch SPEND TIME : 23ms
2022-05-02 18:16:11.307  INFO 7800 --- [http-nio-8081-exec-1] c.z.i.r.tutor.config.aspect.LogAspect    : 请求开始=====================================================================================
2022-05-02 18:16:11.308  INFO 7800 --- [http-nio-8081-exec-1] c.z.i.r.tutor.config.aspect.LogAspect    : URL : http://localhost:8081/dict/class/search
2022-05-02 18:16:11.308  INFO 7800 --- [http-nio-8081-exec-1] c.z.i.r.tutor.config.aspect.LogAspect    : HTTP_METHOD : GET
2022-05-02 18:16:11.308  INFO 7800 --- [http-nio-8081-exec-1] c.z.i.r.tutor.config.aspect.LogAspect    : IP : 0:0:0:0:0:0:0:1
2022-05-02 18:16:11.308  INFO 7800 --- [http-nio-8081-exec-1] c.z.i.r.tutor.config.aspect.LogAspect    : X-Forwarded-For : null
2022-05-02 18:16:11.308  INFO 7800 --- [http-nio-8081-exec-1] c.z.i.r.tutor.config.aspect.LogAspect    : CLASS_METHOD : com.zjut.ida.recommend.tutor.module.common.controller.CommonDictController.classSearch
2022-05-02 18:16:11.309  INFO 7800 --- [http-nio-8081-exec-1] c.z.i.r.tutor.config.aspect.LogAspect    : ARGS : [2017, 计算机科学与技术学院]
2022-05-02 18:16:11.309  INFO 7800 --- [http-nio-8081-exec-1] c.z.i.r.tutor.config.aspect.LogAspect    : REQUEST PARAMETER: {collegeName=计算机科学与技术学院, admissionYear=2017}
2022-05-02 18:16:11.324  INFO 7800 --- [http-nio-8081-exec-1] c.z.i.r.tutor.config.aspect.LogAspect    : 请求结束====================================================================================
2022-05-02 18:16:11.324  INFO 7800 --- [http-nio-8081-exec-1] c.z.i.r.tutor.config.aspect.LogAspect    : return : {"result_msg":"成功","data":["数媒1701","数媒1702","物联网1701","物联网1702","网工1701","网络工程1701","网络工程1702班","计实1701","计科1701","计科1702","计科1703","计科1704","软工1701","软工1702","软工1703","软工1704","软工1705","软工1706","（中外）软工1701","（中外）软工1702","（中外）软工1703"],"result_code":0}
2022-05-02 18:16:11.324  INFO 7800 --- [http-nio-8081-exec-1] c.z.i.r.tutor.config.aspect.LogAspect    : com.zjut.ida.recommend.tutor.module.common.controller.CommonDictController.classSearch SPEND TIME : 17ms
2022-05-02 18:17:12.040  INFO 7800 --- [http-nio-8081-exec-8] c.z.i.r.tutor.config.aspect.LogAspect    : 请求开始=====================================================================================
2022-05-02 18:17:12.041  INFO 7800 --- [http-nio-8081-exec-8] c.z.i.r.tutor.config.aspect.LogAspect    : URL : http://localhost:8081/tutor/studySpeciality/search
2022-05-02 18:17:12.041  INFO 7800 --- [http-nio-8081-exec-8] c.z.i.r.tutor.config.aspect.LogAspect    : HTTP_METHOD : GET
2022-05-02 18:17:12.041  INFO 7800 --- [http-nio-8081-exec-8] c.z.i.r.tutor.config.aspect.LogAspect    : IP : 0:0:0:0:0:0:0:1
2022-05-02 18:17:12.041  INFO 7800 --- [http-nio-8081-exec-8] c.z.i.r.tutor.config.aspect.LogAspect    : X-Forwarded-For : null
2022-05-02 18:17:12.041  INFO 7800 --- [http-nio-8081-exec-8] c.z.i.r.tutor.config.aspect.LogAspect    : CLASS_METHOD : com.zjut.ida.recommend.tutor.module.home.controller.TutorController.doMain
2022-05-02 18:17:12.041  INFO 7800 --- [http-nio-8081-exec-8] c.z.i.r.tutor.config.aspect.LogAspect    : ARGS : [计算机科学与技术学院, {}]
2022-05-02 18:17:12.042  INFO 7800 --- [http-nio-8081-exec-8] c.z.i.r.tutor.config.aspect.LogAspect    : REQUEST PARAMETER: {collegeName=计算机科学与技术学院}
2022-05-02 18:17:12.087  INFO 7800 --- [http-nio-8081-exec-8] c.z.i.r.tutor.config.aspect.LogAspect    : 请求结束====================================================================================
2022-05-02 18:17:12.087  INFO 7800 --- [http-nio-8081-exec-8] c.z.i.r.tutor.config.aspect.LogAspect    : return : tutor/tutor_study_speciality_list
2022-05-02 18:17:12.087  INFO 7800 --- [http-nio-8081-exec-8] c.z.i.r.tutor.config.aspect.LogAspect    : com.zjut.ida.recommend.tutor.module.home.controller.TutorController.doMain SPEND TIME : 47ms
2022-05-02 18:17:14.701  INFO 7800 --- [http-nio-8081-exec-7] c.z.i.r.tutor.config.aspect.LogAspect    : 请求开始=====================================================================================
2022-05-02 18:17:14.701  INFO 7800 --- [http-nio-8081-exec-7] c.z.i.r.tutor.config.aspect.LogAspect    : URL : http://localhost:8081/student/register
2022-05-02 18:17:14.702  INFO 7800 --- [http-nio-8081-exec-7] c.z.i.r.tutor.config.aspect.LogAspect    : HTTP_METHOD : POST
2022-05-02 18:17:14.702  INFO 7800 --- [http-nio-8081-exec-7] c.z.i.r.tutor.config.aspect.LogAspect    : IP : 0:0:0:0:0:0:0:1
2022-05-02 18:17:14.702  INFO 7800 --- [http-nio-8081-exec-7] c.z.i.r.tutor.config.aspect.LogAspect    : X-Forwarded-For : null
2022-05-02 18:17:14.702  INFO 7800 --- [http-nio-8081-exec-7] c.z.i.r.tutor.config.aspect.LogAspect    : CLASS_METHOD : com.zjut.ida.recommend.tutor.module.home.controller.StudentController.register
2022-05-02 18:17:14.702  INFO 7800 --- [http-nio-8081-exec-7] c.z.i.r.tutor.config.aspect.LogAspect    : ARGS : [RegisterDTO(studentId=479462712, password=479462712, studentName=徐洲帅, collegeName=计算机科学与技术学院, studentClass=数媒1701, studentGender=0, admissionYear=2017, studySpecialityList=[
    计算机软件与理论
, 
    机械类专业
])]
2022-05-02 18:17:14.702  INFO 7800 --- [http-nio-8081-exec-7] c.z.i.r.tutor.config.aspect.LogAspect    : REQUEST PARAMETER: {}
2022-05-02 18:17:14.940  INFO 7800 --- [http-nio-8081-exec-7] c.z.i.r.tutor.config.aspect.LogAspect    : 请求结束====================================================================================
2022-05-02 18:17:14.940  INFO 7800 --- [http-nio-8081-exec-7] c.z.i.r.tutor.config.aspect.LogAspect    : return : {"result_msg":"成功","result_code":0}
2022-05-02 18:17:14.940  INFO 7800 --- [http-nio-8081-exec-7] c.z.i.r.tutor.config.aspect.LogAspect    : com.zjut.ida.recommend.tutor.module.home.controller.StudentController.register SPEND TIME : 239ms
