2022-05-18 15:25:35.160  INFO 1816 --- [main] .z.i.r.t.TutorRecommendSystemApplication : Starting TutorRecommendSystemApplication using Java 1.8.0_211 on DESKTOP-45SQB5D with PID 1816 (E:\ProgrameTest\ProjectTest\IDA_Final\IDA_T\tutor_recommend_system\target\classes started by Lenovo in E:\ProgrameTest\ProjectTest\IDA_Final\IDA_T)
2022-05-18 15:25:35.169  INFO 1816 --- [main] .z.i.r.t.TutorRecommendSystemApplication : No active profile set, falling back to default profiles: default
2022-05-18 15:25:37.464  INFO 1816 --- [main] .s.d.r.c.RepositoryConfigurationDelegate : Multiple Spring Data modules found, entering strict repository configuration mode!
2022-05-18 15:25:37.470  INFO 1816 --- [main] .s.d.r.c.RepositoryConfigurationDelegate : Bootstrapping Spring Data Neo4j repositories in DEFAULT mode.
2022-05-18 15:25:37.651  INFO 1816 --- [main] .s.d.r.c.RepositoryConfigurationDelegate : Finished Spring Data repository scanning in 170 ms. Found 0 Neo4j repository interfaces.
2022-05-18 15:25:37.663  INFO 1816 --- [main] .s.d.r.c.RepositoryConfigurationDelegate : Multiple Spring Data modules found, entering strict repository configuration mode!
2022-05-18 15:25:37.663  INFO 1816 --- [main] .s.d.r.c.RepositoryConfigurationDelegate : Bootstrapping Spring Data Neo4j repositories in DEFAULT mode.
2022-05-18 15:25:38.064  INFO 1816 --- [main] .s.d.r.c.RepositoryConfigurationDelegate : Finished Spring Data repository scanning in 400 ms. Found 9 Neo4j repository interfaces.
2022-05-18 15:25:38.121  INFO 1816 --- [main] .s.d.r.c.RepositoryConfigurationDelegate : Multiple Spring Data modules found, entering strict repository configuration mode!
2022-05-18 15:25:38.124  INFO 1816 --- [main] .s.d.r.c.RepositoryConfigurationDelegate : Bootstrapping Spring Data Redis repositories in DEFAULT mode.
2022-05-18 15:25:38.206  INFO 1816 --- [main] .RepositoryConfigurationExtensionSupport : Spring Data Redis - Could not safely identify store assignment for repository candidate interface com.zjut.ida.recommend.tutor.dao.Neo4jArticleRepository. If you want this repository to be a Redis repository, consider annotating your entities with one of these annotations: org.springframework.data.redis.core.RedisHash (preferred), or consider extending one of the following types with your repository: org.springframework.data.keyvalue.repository.KeyValueRepository.
2022-05-18 15:25:38.207  INFO 1816 --- [main] .RepositoryConfigurationExtensionSupport : Spring Data Redis - Could not safely identify store assignment for repository candidate interface com.zjut.ida.recommend.tutor.dao.Neo4jHorizontalProjectRepository. If you want this repository to be a Redis repository, consider annotating your entities with one of these annotations: org.springframework.data.redis.core.RedisHash (preferred), or consider extending one of the following types with your repository: org.springframework.data.keyvalue.repository.KeyValueRepository.
2022-05-18 15:25:38.210  INFO 1816 --- [main] .RepositoryConfigurationExtensionSupport : Spring Data Redis - Could not safely identify store assignment for repository candidate interface com.zjut.ida.recommend.tutor.dao.Neo4jPatentRepository. If you want this repository to be a Redis repository, consider annotating your entities with one of these annotations: org.springframework.data.redis.core.RedisHash (preferred), or consider extending one of the following types with your repository: org.springframework.data.keyvalue.repository.KeyValueRepository.
2022-05-18 15:25:38.211  INFO 1816 --- [main] .RepositoryConfigurationExtensionSupport : Spring Data Redis - Could not safely identify store assignment for repository candidate interface com.zjut.ida.recommend.tutor.dao.Neo4jTutorRepository. If you want this repository to be a Redis repository, consider annotating your entities with one of these annotations: org.springframework.data.redis.core.RedisHash (preferred), or consider extending one of the following types with your repository: org.springframework.data.keyvalue.repository.KeyValueRepository.
2022-05-18 15:25:38.212  INFO 1816 --- [main] .RepositoryConfigurationExtensionSupport : Spring Data Redis - Could not safely identify store assignment for repository candidate interface com.zjut.ida.recommend.tutor.dao.Neo4jVerticalProjectRepository. If you want this repository to be a Redis repository, consider annotating your entities with one of these annotations: org.springframework.data.redis.core.RedisHash (preferred), or consider extending one of the following types with your repository: org.springframework.data.keyvalue.repository.KeyValueRepository.
2022-05-18 15:25:38.213  INFO 1816 --- [main] .RepositoryConfigurationExtensionSupport : Spring Data Redis - Could not safely identify store assignment for repository candidate interface com.zjut.ida.recommend.tutor.m2ndao.SysClassDao. If you want this repository to be a Redis repository, consider annotating your entities with one of these annotations: org.springframework.data.redis.core.RedisHash (preferred), or consider extending one of the following types with your repository: org.springframework.data.keyvalue.repository.KeyValueRepository.
2022-05-18 15:25:38.231  INFO 1816 --- [main] .RepositoryConfigurationExtensionSupport : Spring Data Redis - Could not safely identify store assignment for repository candidate interface com.zjut.ida.recommend.tutor.m2ndao.SysCollegeDao. If you want this repository to be a Redis repository, consider annotating your entities with one of these annotations: org.springframework.data.redis.core.RedisHash (preferred), or consider extending one of the following types with your repository: org.springframework.data.keyvalue.repository.KeyValueRepository.
2022-05-18 15:25:38.233  INFO 1816 --- [main] .RepositoryConfigurationExtensionSupport : Spring Data Redis - Could not safely identify store assignment for repository candidate interface com.zjut.ida.recommend.tutor.m2ndao.SysScholarDao. If you want this repository to be a Redis repository, consider annotating your entities with one of these annotations: org.springframework.data.redis.core.RedisHash (preferred), or consider extending one of the following types with your repository: org.springframework.data.keyvalue.repository.KeyValueRepository.
2022-05-18 15:25:38.236  INFO 1816 --- [main] .RepositoryConfigurationExtensionSupport : Spring Data Redis - Could not safely identify store assignment for repository candidate interface com.zjut.ida.recommend.tutor.m2ndao.SysStudentDao. If you want this repository to be a Redis repository, consider annotating your entities with one of these annotations: org.springframework.data.redis.core.RedisHash (preferred), or consider extending one of the following types with your repository: org.springframework.data.keyvalue.repository.KeyValueRepository.
2022-05-18 15:25:38.236  INFO 1816 --- [main] .s.d.r.c.RepositoryConfigurationDelegate : Finished Spring Data repository scanning in 72 ms. Found 0 Redis repository interfaces.
2022-05-18 15:25:38.667  WARN 1816 --- [main] o.m.s.mapper.ClassPathMapperScanner      : Skipping MapperFactoryBean with name 'neo4jArticleRepository' and 'com.zjut.ida.recommend.tutor.dao.Neo4jArticleRepository' mapperInterface. Bean already defined with the same name!
2022-05-18 15:25:38.668  WARN 1816 --- [main] o.m.s.mapper.ClassPathMapperScanner      : Skipping MapperFactoryBean with name 'neo4jHorizontalProjectRepository' and 'com.zjut.ida.recommend.tutor.dao.Neo4jHorizontalProjectRepository' mapperInterface. Bean already defined with the same name!
2022-05-18 15:25:38.668  WARN 1816 --- [main] o.m.s.mapper.ClassPathMapperScanner      : Skipping MapperFactoryBean with name 'neo4jPatentRepository' and 'com.zjut.ida.recommend.tutor.dao.Neo4jPatentRepository' mapperInterface. Bean already defined with the same name!
2022-05-18 15:25:38.669  WARN 1816 --- [main] o.m.s.mapper.ClassPathMapperScanner      : Skipping MapperFactoryBean with name 'neo4jTutorRepository' and 'com.zjut.ida.recommend.tutor.dao.Neo4jTutorRepository' mapperInterface. Bean already defined with the same name!
2022-05-18 15:25:38.670  WARN 1816 --- [main] o.m.s.mapper.ClassPathMapperScanner      : Skipping MapperFactoryBean with name 'neo4jVerticalProjectRepository' and 'com.zjut.ida.recommend.tutor.dao.Neo4jVerticalProjectRepository' mapperInterface. Bean already defined with the same name!
2022-05-18 15:25:39.384  INFO 1816 --- [main] trationDelegate$BeanPostProcessorChecker : Bean 'redisConfig' of type [com.zjut.ida.recommend.tutor.config.RedisConfig$$EnhancerBySpringCGLIB$$2988a39b] is not eligible for getting processed by all BeanPostProcessors (for example: not eligible for auto-proxying)
2022-05-18 15:25:40.091  INFO 1816 --- [main] o.s.b.w.embedded.tomcat.TomcatWebServer  : Tomcat initialized with port(s): 8081 (http)
2022-05-18 15:25:40.105  INFO 1816 --- [main] o.apache.catalina.core.StandardService   : Starting service [Tomcat]
2022-05-18 15:25:40.106  INFO 1816 --- [main] org.apache.catalina.core.StandardEngine  : Starting Servlet engine: [Apache Tomcat/9.0.46]
2022-05-18 15:25:40.577  INFO 1816 --- [main] o.a.c.c.C.[Tomcat].[localhost].[/]       : Initializing Spring embedded WebApplicationContext
2022-05-18 15:25:40.577  INFO 1816 --- [main] w.s.c.ServletWebServerApplicationContext : Root WebApplicationContext: initialization completed in 5149 ms
2022-05-18 15:25:42.255  INFO 1816 --- [main] c.a.d.s.b.a.DruidDataSourceAutoConfigure : Init DruidDataSource
2022-05-18 15:25:43.372  INFO 1816 --- [main] com.alibaba.druid.pool.DruidDataSource   : {dataSource-1} inited
2022-05-18 15:26:00.520  INFO 1816 --- [main] org.neo4j.driver.Driver                  : Direct driver instance 1582358318 created for server address 10.12.45.49:7687
2022-05-18 15:26:03.223  INFO 1816 --- [main] f.a.AutowiredAnnotationBeanPostProcessor : Autowired annotation is not supported on static fields: private static final java.lang.String com.zjut.ida.recommend.tutor.module.home.service.strategy.reason.impl.RankingReasonStrategy.CYPHER
2022-05-18 15:26:05.735  INFO 1816 --- [main] o.s.b.w.embedded.tomcat.TomcatWebServer  : Tomcat started on port(s): 8081 (http) with context path ''
2022-05-18 15:26:05.751  INFO 1816 --- [main] .z.i.r.t.TutorRecommendSystemApplication : Started TutorRecommendSystemApplication in 32.4 seconds (JVM running for 41.143)
2022-05-18 15:43:58.304  INFO 1816 --- [http-nio-8081-exec-2] o.a.c.c.C.[Tomcat].[localhost].[/]       : Initializing Spring DispatcherServlet 'dispatcherServlet'
2022-05-18 15:43:58.305  INFO 1816 --- [http-nio-8081-exec-2] o.s.web.servlet.DispatcherServlet        : Initializing Servlet 'dispatcherServlet'
2022-05-18 15:43:58.312  INFO 1816 --- [http-nio-8081-exec-2] o.s.web.servlet.DispatcherServlet        : Completed initialization in 7 ms
2022-05-18 15:43:58.400  INFO 1816 --- [http-nio-8081-exec-3] c.z.i.r.tutor.config.aspect.LogAspect    : 请求开始=====================================================================================
2022-05-18 15:43:58.402  INFO 1816 --- [http-nio-8081-exec-3] c.z.i.r.tutor.config.aspect.LogAspect    : URL : http://localhost:8081/dict/admission/list
2022-05-18 15:43:58.400  INFO 1816 --- [http-nio-8081-exec-4] c.z.i.r.tutor.config.aspect.LogAspect    : 请求开始=====================================================================================
2022-05-18 15:43:58.404  INFO 1816 --- [http-nio-8081-exec-4] c.z.i.r.tutor.config.aspect.LogAspect    : URL : http://localhost:8081/dict/college/list
2022-05-18 15:43:58.404  INFO 1816 --- [http-nio-8081-exec-4] c.z.i.r.tutor.config.aspect.LogAspect    : HTTP_METHOD : GET
2022-05-18 15:43:58.404  INFO 1816 --- [http-nio-8081-exec-4] c.z.i.r.tutor.config.aspect.LogAspect    : IP : 0:0:0:0:0:0:0:1
2022-05-18 15:43:58.405  INFO 1816 --- [http-nio-8081-exec-4] c.z.i.r.tutor.config.aspect.LogAspect    : X-Forwarded-For : null
2022-05-18 15:43:58.403  INFO 1816 --- [http-nio-8081-exec-3] c.z.i.r.tutor.config.aspect.LogAspect    : HTTP_METHOD : GET
2022-05-18 15:43:58.406  INFO 1816 --- [http-nio-8081-exec-3] c.z.i.r.tutor.config.aspect.LogAspect    : IP : 0:0:0:0:0:0:0:1
2022-05-18 15:43:58.406  INFO 1816 --- [http-nio-8081-exec-3] c.z.i.r.tutor.config.aspect.LogAspect    : X-Forwarded-For : null
2022-05-18 15:43:58.409  INFO 1816 --- [http-nio-8081-exec-3] c.z.i.r.tutor.config.aspect.LogAspect    : CLASS_METHOD : com.zjut.ida.recommend.tutor.module.common.controller.CommonDictController.admissionYearList
2022-05-18 15:43:58.409  INFO 1816 --- [http-nio-8081-exec-3] c.z.i.r.tutor.config.aspect.LogAspect    : ARGS : []
2022-05-18 15:43:58.413  INFO 1816 --- [http-nio-8081-exec-3] c.z.i.r.tutor.config.aspect.LogAspect    : REQUEST PARAMETER: {}
2022-05-18 15:43:58.414  INFO 1816 --- [http-nio-8081-exec-4] c.z.i.r.tutor.config.aspect.LogAspect    : CLASS_METHOD : com.zjut.ida.recommend.tutor.module.common.controller.CommonDictController.collegeList
2022-05-18 15:43:58.420  INFO 1816 --- [http-nio-8081-exec-4] c.z.i.r.tutor.config.aspect.LogAspect    : ARGS : []
2022-05-18 15:43:58.420  INFO 1816 --- [http-nio-8081-exec-4] c.z.i.r.tutor.config.aspect.LogAspect    : REQUEST PARAMETER: {}
2022-05-18 15:44:07.215  INFO 1816 --- [http-nio-8081-exec-3] c.z.i.r.tutor.config.aspect.LogAspect    : 请求结束====================================================================================
2022-05-18 15:44:07.215  INFO 1816 --- [http-nio-8081-exec-4] c.z.i.r.tutor.config.aspect.LogAspect    : 请求结束====================================================================================
2022-05-18 15:44:07.273  INFO 1816 --- [http-nio-8081-exec-3] c.z.i.r.tutor.config.aspect.LogAspect    : return : {"result_msg":"成功","data":[2017,2016,0],"result_code":0}
2022-05-18 15:44:07.273  INFO 1816 --- [http-nio-8081-exec-4] c.z.i.r.tutor.config.aspect.LogAspect    : return : {"result_msg":"成功","data":["药学院","材料与工程学院","建筑工程学院","信息工程学院","教育科学与技术学院","人文学院","法学院","政治与公共管理学院","成人教育学院","环境学院","经济学院","计算机科学与技术学院","化学工程学院","海洋学院","经贸管理学院","理学院","设计艺术学院","健行学院","外国语学院","国际学院","机械工程学院","管理学院"],"result_code":0}
2022-05-18 15:44:07.274  INFO 1816 --- [http-nio-8081-exec-3] c.z.i.r.tutor.config.aspect.LogAspect    : com.zjut.ida.recommend.tutor.module.common.controller.CommonDictController.admissionYearList SPEND TIME : 8874ms
2022-05-18 15:44:07.274  INFO 1816 --- [http-nio-8081-exec-4] c.z.i.r.tutor.config.aspect.LogAspect    : com.zjut.ida.recommend.tutor.module.common.controller.CommonDictController.collegeList SPEND TIME : 8874ms
2022-05-18 15:44:07.293  INFO 1816 --- [http-nio-8081-exec-6] c.z.i.r.tutor.config.aspect.LogAspect    : 请求开始=====================================================================================
2022-05-18 15:44:07.293  INFO 1816 --- [http-nio-8081-exec-5] c.z.i.r.tutor.config.aspect.LogAspect    : 请求开始=====================================================================================
2022-05-18 15:44:07.294  INFO 1816 --- [http-nio-8081-exec-5] c.z.i.r.tutor.config.aspect.LogAspect    : URL : http://localhost:8081/dict/college/list
2022-05-18 15:44:07.293  INFO 1816 --- [http-nio-8081-exec-6] c.z.i.r.tutor.config.aspect.LogAspect    : URL : http://localhost:8081/dict/admission/list
2022-05-18 15:44:07.294  INFO 1816 --- [http-nio-8081-exec-5] c.z.i.r.tutor.config.aspect.LogAspect    : HTTP_METHOD : GET
2022-05-18 15:44:07.294  INFO 1816 --- [http-nio-8081-exec-6] c.z.i.r.tutor.config.aspect.LogAspect    : HTTP_METHOD : GET
2022-05-18 15:44:07.294  INFO 1816 --- [http-nio-8081-exec-5] c.z.i.r.tutor.config.aspect.LogAspect    : IP : 0:0:0:0:0:0:0:1
2022-05-18 15:44:07.294  INFO 1816 --- [http-nio-8081-exec-6] c.z.i.r.tutor.config.aspect.LogAspect    : IP : 0:0:0:0:0:0:0:1
2022-05-18 15:44:07.294  INFO 1816 --- [http-nio-8081-exec-5] c.z.i.r.tutor.config.aspect.LogAspect    : X-Forwarded-For : null
2022-05-18 15:44:07.294  INFO 1816 --- [http-nio-8081-exec-6] c.z.i.r.tutor.config.aspect.LogAspect    : X-Forwarded-For : null
2022-05-18 15:44:07.294  INFO 1816 --- [http-nio-8081-exec-5] c.z.i.r.tutor.config.aspect.LogAspect    : CLASS_METHOD : com.zjut.ida.recommend.tutor.module.common.controller.CommonDictController.collegeList
2022-05-18 15:44:07.294  INFO 1816 --- [http-nio-8081-exec-6] c.z.i.r.tutor.config.aspect.LogAspect    : CLASS_METHOD : com.zjut.ida.recommend.tutor.module.common.controller.CommonDictController.admissionYearList
2022-05-18 15:44:07.294  INFO 1816 --- [http-nio-8081-exec-6] c.z.i.r.tutor.config.aspect.LogAspect    : ARGS : []
2022-05-18 15:44:07.294  INFO 1816 --- [http-nio-8081-exec-5] c.z.i.r.tutor.config.aspect.LogAspect    : ARGS : []
2022-05-18 15:44:07.294  INFO 1816 --- [http-nio-8081-exec-6] c.z.i.r.tutor.config.aspect.LogAspect    : REQUEST PARAMETER: {}
2022-05-18 15:44:07.294  INFO 1816 --- [http-nio-8081-exec-5] c.z.i.r.tutor.config.aspect.LogAspect    : REQUEST PARAMETER: {}
2022-05-18 15:44:07.311  INFO 1816 --- [http-nio-8081-exec-6] c.z.i.r.tutor.config.aspect.LogAspect    : 请求结束====================================================================================
2022-05-18 15:44:07.311  INFO 1816 --- [http-nio-8081-exec-6] c.z.i.r.tutor.config.aspect.LogAspect    : return : {"result_msg":"成功","data":[2017,2016,0],"result_code":0}
2022-05-18 15:44:07.311  INFO 1816 --- [http-nio-8081-exec-6] c.z.i.r.tutor.config.aspect.LogAspect    : com.zjut.ida.recommend.tutor.module.common.controller.CommonDictController.admissionYearList SPEND TIME : 18ms
2022-05-18 15:44:07.313  INFO 1816 --- [http-nio-8081-exec-5] c.z.i.r.tutor.config.aspect.LogAspect    : 请求结束====================================================================================
2022-05-18 15:44:07.314  INFO 1816 --- [http-nio-8081-exec-5] c.z.i.r.tutor.config.aspect.LogAspect    : return : {"result_msg":"成功","data":["药学院","材料与工程学院","建筑工程学院","信息工程学院","教育科学与技术学院","人文学院","法学院","政治与公共管理学院","成人教育学院","环境学院","经济学院","计算机科学与技术学院","化学工程学院","海洋学院","经贸管理学院","理学院","设计艺术学院","健行学院","外国语学院","国际学院","机械工程学院","管理学院"],"result_code":0}
2022-05-18 15:44:07.314  INFO 1816 --- [http-nio-8081-exec-5] c.z.i.r.tutor.config.aspect.LogAspect    : com.zjut.ida.recommend.tutor.module.common.controller.CommonDictController.collegeList SPEND TIME : 21ms
2022-05-18 15:44:12.715  INFO 1816 --- [http-nio-8081-exec-7] c.z.i.r.tutor.config.aspect.LogAspect    : 请求开始=====================================================================================
2022-05-18 15:44:12.716  INFO 1816 --- [http-nio-8081-exec-7] c.z.i.r.tutor.config.aspect.LogAspect    : URL : http://localhost:8081/dict/class/search
2022-05-18 15:44:12.717  INFO 1816 --- [http-nio-8081-exec-7] c.z.i.r.tutor.config.aspect.LogAspect    : HTTP_METHOD : GET
2022-05-18 15:44:12.717  INFO 1816 --- [http-nio-8081-exec-7] c.z.i.r.tutor.config.aspect.LogAspect    : IP : 0:0:0:0:0:0:0:1
2022-05-18 15:44:12.717  INFO 1816 --- [http-nio-8081-exec-7] c.z.i.r.tutor.config.aspect.LogAspect    : X-Forwarded-For : null
2022-05-18 15:44:12.717  INFO 1816 --- [http-nio-8081-exec-7] c.z.i.r.tutor.config.aspect.LogAspect    : CLASS_METHOD : com.zjut.ida.recommend.tutor.module.common.controller.CommonDictController.classSearch
2022-05-18 15:44:12.717  INFO 1816 --- [http-nio-8081-exec-7] c.z.i.r.tutor.config.aspect.LogAspect    : ARGS : [2017, 计算机科学与技术学院]
2022-05-18 15:44:12.717  INFO 1816 --- [http-nio-8081-exec-7] c.z.i.r.tutor.config.aspect.LogAspect    : REQUEST PARAMETER: {collegeName=计算机科学与技术学院, admissionYear=2017}
2022-05-18 15:44:12.956  INFO 1816 --- [http-nio-8081-exec-7] c.z.i.r.tutor.config.aspect.LogAspect    : 请求结束====================================================================================
2022-05-18 15:44:12.957  INFO 1816 --- [http-nio-8081-exec-7] c.z.i.r.tutor.config.aspect.LogAspect    : return : {"result_msg":"成功","data":["数媒1701","数媒1702","物联网1701","物联网1702","网工1701","网络工程1701","网络工程1702班","计实1701","计科1701","计科1702","计科1703","计科1704","软工1701","软工1702","软工1703","软工1704","软工1705","软工1706","（中外）软工1701","（中外）软工1702","（中外）软工1703"],"result_code":0}
2022-05-18 15:44:12.958  INFO 1816 --- [http-nio-8081-exec-7] c.z.i.r.tutor.config.aspect.LogAspect    : com.zjut.ida.recommend.tutor.module.common.controller.CommonDictController.classSearch SPEND TIME : 243ms
2022-05-18 15:44:40.561  INFO 1816 --- [http-nio-8081-exec-10] c.z.i.r.tutor.config.aspect.LogAspect    : 请求开始=====================================================================================
2022-05-18 15:44:40.562  INFO 1816 --- [http-nio-8081-exec-10] c.z.i.r.tutor.config.aspect.LogAspect    : URL : http://localhost:8081/dict/college/list
2022-05-18 15:44:40.562  INFO 1816 --- [http-nio-8081-exec-10] c.z.i.r.tutor.config.aspect.LogAspect    : HTTP_METHOD : GET
2022-05-18 15:44:40.562  INFO 1816 --- [http-nio-8081-exec-10] c.z.i.r.tutor.config.aspect.LogAspect    : IP : 0:0:0:0:0:0:0:1
2022-05-18 15:44:40.562  INFO 1816 --- [http-nio-8081-exec-10] c.z.i.r.tutor.config.aspect.LogAspect    : X-Forwarded-For : null
2022-05-18 15:44:40.563  INFO 1816 --- [http-nio-8081-exec-10] c.z.i.r.tutor.config.aspect.LogAspect    : CLASS_METHOD : com.zjut.ida.recommend.tutor.module.common.controller.CommonDictController.collegeList
2022-05-18 15:44:40.563  INFO 1816 --- [http-nio-8081-exec-10] c.z.i.r.tutor.config.aspect.LogAspect    : ARGS : []
2022-05-18 15:44:40.563  INFO 1816 --- [http-nio-8081-exec-10] c.z.i.r.tutor.config.aspect.LogAspect    : REQUEST PARAMETER: {}
2022-05-18 15:44:40.574  INFO 1816 --- [http-nio-8081-exec-2] c.z.i.r.tutor.config.aspect.LogAspect    : 请求开始=====================================================================================
2022-05-18 15:44:40.575  INFO 1816 --- [http-nio-8081-exec-2] c.z.i.r.tutor.config.aspect.LogAspect    : URL : http://localhost:8081/dict/admission/list
2022-05-18 15:44:40.575  INFO 1816 --- [http-nio-8081-exec-2] c.z.i.r.tutor.config.aspect.LogAspect    : HTTP_METHOD : GET
2022-05-18 15:44:40.575  INFO 1816 --- [http-nio-8081-exec-2] c.z.i.r.tutor.config.aspect.LogAspect    : IP : 0:0:0:0:0:0:0:1
2022-05-18 15:44:40.575  INFO 1816 --- [http-nio-8081-exec-2] c.z.i.r.tutor.config.aspect.LogAspect    : X-Forwarded-For : null
2022-05-18 15:44:40.575  INFO 1816 --- [http-nio-8081-exec-2] c.z.i.r.tutor.config.aspect.LogAspect    : CLASS_METHOD : com.zjut.ida.recommend.tutor.module.common.controller.CommonDictController.admissionYearList
2022-05-18 15:44:40.576  INFO 1816 --- [http-nio-8081-exec-2] c.z.i.r.tutor.config.aspect.LogAspect    : ARGS : []
2022-05-18 15:44:40.576  INFO 1816 --- [http-nio-8081-exec-2] c.z.i.r.tutor.config.aspect.LogAspect    : REQUEST PARAMETER: {}
2022-05-18 15:44:40.579  INFO 1816 --- [http-nio-8081-exec-10] c.z.i.r.tutor.config.aspect.LogAspect    : 请求结束====================================================================================
2022-05-18 15:44:40.580  INFO 1816 --- [http-nio-8081-exec-10] c.z.i.r.tutor.config.aspect.LogAspect    : return : {"result_msg":"成功","data":["药学院","材料与工程学院","建筑工程学院","信息工程学院","教育科学与技术学院","人文学院","法学院","政治与公共管理学院","成人教育学院","环境学院","经济学院","计算机科学与技术学院","化学工程学院","海洋学院","经贸管理学院","理学院","设计艺术学院","健行学院","外国语学院","国际学院","机械工程学院","管理学院"],"result_code":0}
2022-05-18 15:44:40.580  INFO 1816 --- [http-nio-8081-exec-10] c.z.i.r.tutor.config.aspect.LogAspect    : com.zjut.ida.recommend.tutor.module.common.controller.CommonDictController.collegeList SPEND TIME : 19ms
2022-05-18 15:44:40.588  INFO 1816 --- [http-nio-8081-exec-2] c.z.i.r.tutor.config.aspect.LogAspect    : 请求结束====================================================================================
2022-05-18 15:44:40.588  INFO 1816 --- [http-nio-8081-exec-2] c.z.i.r.tutor.config.aspect.LogAspect    : return : {"result_msg":"成功","data":[2017,2016,0],"result_code":0}
2022-05-18 15:44:40.588  INFO 1816 --- [http-nio-8081-exec-2] c.z.i.r.tutor.config.aspect.LogAspect    : com.zjut.ida.recommend.tutor.module.common.controller.CommonDictController.admissionYearList SPEND TIME : 14ms
2022-05-18 15:44:52.759  INFO 1816 --- [http-nio-8081-exec-4] c.z.i.r.tutor.config.aspect.LogAspect    : 请求开始=====================================================================================
2022-05-18 15:44:52.760  INFO 1816 --- [http-nio-8081-exec-4] c.z.i.r.tutor.config.aspect.LogAspect    : URL : http://localhost:8081/student/login
2022-05-18 15:44:52.760  INFO 1816 --- [http-nio-8081-exec-4] c.z.i.r.tutor.config.aspect.LogAspect    : HTTP_METHOD : POST
2022-05-18 15:44:52.760  INFO 1816 --- [http-nio-8081-exec-4] c.z.i.r.tutor.config.aspect.LogAspect    : IP : 0:0:0:0:0:0:0:1
2022-05-18 15:44:52.760  INFO 1816 --- [http-nio-8081-exec-4] c.z.i.r.tutor.config.aspect.LogAspect    : X-Forwarded-For : null
2022-05-18 15:44:52.760  INFO 1816 --- [http-nio-8081-exec-4] c.z.i.r.tutor.config.aspect.LogAspect    : CLASS_METHOD : com.zjut.ida.recommend.tutor.module.home.controller.StudentController.login
2022-05-18 15:44:52.761  INFO 1816 --- [http-nio-8081-exec-4] c.z.i.r.tutor.config.aspect.LogAspect    : ARGS : [LoginDTO(studentId=2111912194, password=123456)]
2022-05-18 15:44:52.761  INFO 1816 --- [http-nio-8081-exec-4] c.z.i.r.tutor.config.aspect.LogAspect    : REQUEST PARAMETER: {}
2022-05-18 15:45:00.646  INFO 1816 --- [http-nio-8081-exec-4] c.z.i.r.tutor.config.aspect.LogAspect    : 请求结束====================================================================================
2022-05-18 15:45:00.676  INFO 1816 --- [http-nio-8081-exec-4] c.z.i.r.tutor.config.aspect.LogAspect    : return : {"result_msg":"成功","data":{"user":{"studentClass":"软工1701","studentId":"2111912194","studentName":"小明"},"token":"6410e1a2691147a1bfdcc8d4184279b5"},"result_code":0}
2022-05-18 15:45:00.676  INFO 1816 --- [http-nio-8081-exec-4] c.z.i.r.tutor.config.aspect.LogAspect    : com.zjut.ida.recommend.tutor.module.home.controller.StudentController.login SPEND TIME : 7917ms
2022-05-18 15:45:03.222  INFO 1816 --- [http-nio-8081-exec-10] c.z.i.r.tutor.config.aspect.LogAspect    : 请求开始=====================================================================================
2022-05-18 15:45:03.222  INFO 1816 --- [http-nio-8081-exec-10] c.z.i.r.tutor.config.aspect.LogAspect    : URL : http://localhost:8081/dict/admission/list
2022-05-18 15:45:03.223  INFO 1816 --- [http-nio-8081-exec-10] c.z.i.r.tutor.config.aspect.LogAspect    : HTTP_METHOD : GET
2022-05-18 15:45:03.223  INFO 1816 --- [http-nio-8081-exec-10] c.z.i.r.tutor.config.aspect.LogAspect    : IP : 0:0:0:0:0:0:0:1
2022-05-18 15:45:03.223  INFO 1816 --- [http-nio-8081-exec-10] c.z.i.r.tutor.config.aspect.LogAspect    : X-Forwarded-For : null
2022-05-18 15:45:03.223  INFO 1816 --- [http-nio-8081-exec-10] c.z.i.r.tutor.config.aspect.LogAspect    : CLASS_METHOD : com.zjut.ida.recommend.tutor.module.common.controller.CommonDictController.admissionYearList
2022-05-18 15:45:03.223  INFO 1816 --- [http-nio-8081-exec-10] c.z.i.r.tutor.config.aspect.LogAspect    : ARGS : []
2022-05-18 15:45:03.223  INFO 1816 --- [http-nio-8081-exec-10] c.z.i.r.tutor.config.aspect.LogAspect    : REQUEST PARAMETER: {}
2022-05-18 15:45:03.226  INFO 1816 --- [http-nio-8081-exec-9] c.z.i.r.tutor.config.aspect.LogAspect    : 请求开始=====================================================================================
2022-05-18 15:45:03.230  INFO 1816 --- [http-nio-8081-exec-9] c.z.i.r.tutor.config.aspect.LogAspect    : URL : http://localhost:8081/dict/college/list
2022-05-18 15:45:03.231  INFO 1816 --- [http-nio-8081-exec-9] c.z.i.r.tutor.config.aspect.LogAspect    : HTTP_METHOD : GET
2022-05-18 15:45:03.236  INFO 1816 --- [http-nio-8081-exec-9] c.z.i.r.tutor.config.aspect.LogAspect    : IP : 0:0:0:0:0:0:0:1
2022-05-18 15:45:03.236  INFO 1816 --- [http-nio-8081-exec-9] c.z.i.r.tutor.config.aspect.LogAspect    : X-Forwarded-For : null
2022-05-18 15:45:03.236  INFO 1816 --- [http-nio-8081-exec-9] c.z.i.r.tutor.config.aspect.LogAspect    : CLASS_METHOD : com.zjut.ida.recommend.tutor.module.common.controller.CommonDictController.collegeList
2022-05-18 15:45:03.236  INFO 1816 --- [http-nio-8081-exec-9] c.z.i.r.tutor.config.aspect.LogAspect    : ARGS : []
2022-05-18 15:45:03.236  INFO 1816 --- [http-nio-8081-exec-9] c.z.i.r.tutor.config.aspect.LogAspect    : REQUEST PARAMETER: {}
2022-05-18 15:45:03.239  INFO 1816 --- [http-nio-8081-exec-10] c.z.i.r.tutor.config.aspect.LogAspect    : 请求结束====================================================================================
2022-05-18 15:45:03.240  INFO 1816 --- [http-nio-8081-exec-10] c.z.i.r.tutor.config.aspect.LogAspect    : return : {"result_msg":"成功","data":[2017,2016,0],"result_code":0}
2022-05-18 15:45:03.240  INFO 1816 --- [http-nio-8081-exec-10] c.z.i.r.tutor.config.aspect.LogAspect    : com.zjut.ida.recommend.tutor.module.common.controller.CommonDictController.admissionYearList SPEND TIME : 18ms
2022-05-18 15:45:03.255  INFO 1816 --- [http-nio-8081-exec-9] c.z.i.r.tutor.config.aspect.LogAspect    : 请求结束====================================================================================
2022-05-18 15:45:03.256  INFO 1816 --- [http-nio-8081-exec-9] c.z.i.r.tutor.config.aspect.LogAspect    : return : {"result_msg":"成功","data":["药学院","材料与工程学院","建筑工程学院","信息工程学院","教育科学与技术学院","人文学院","法学院","政治与公共管理学院","成人教育学院","环境学院","经济学院","计算机科学与技术学院","化学工程学院","海洋学院","经贸管理学院","理学院","设计艺术学院","健行学院","外国语学院","国际学院","机械工程学院","管理学院"],"result_code":0}
2022-05-18 15:45:03.256  INFO 1816 --- [http-nio-8081-exec-9] c.z.i.r.tutor.config.aspect.LogAspect    : com.zjut.ida.recommend.tutor.module.common.controller.CommonDictController.collegeList SPEND TIME : 30ms
2022-05-18 15:45:03.338  INFO 1816 --- [http-nio-8081-exec-8] c.z.i.r.tutor.config.aspect.LogAspect    : 请求开始=====================================================================================
2022-05-18 15:45:03.338  INFO 1816 --- [http-nio-8081-exec-8] c.z.i.r.tutor.config.aspect.LogAspect    : URL : http://localhost:8081/student/history/list
2022-05-18 15:45:03.338  INFO 1816 --- [http-nio-8081-exec-8] c.z.i.r.tutor.config.aspect.LogAspect    : HTTP_METHOD : GET
2022-05-18 15:45:03.338  INFO 1816 --- [http-nio-8081-exec-8] c.z.i.r.tutor.config.aspect.LogAspect    : IP : 0:0:0:0:0:0:0:1
2022-05-18 15:45:03.338  INFO 1816 --- [http-nio-8081-exec-8] c.z.i.r.tutor.config.aspect.LogAspect    : X-Forwarded-For : null
2022-05-18 15:45:03.338  INFO 1816 --- [http-nio-8081-exec-8] c.z.i.r.tutor.config.aspect.LogAspect    : CLASS_METHOD : com.zjut.ida.recommend.tutor.module.dashboard.controller.StudentController.historyList
2022-05-18 15:45:03.340  INFO 1816 --- [http-nio-8081-exec-8] c.z.i.r.tutor.config.aspect.LogAspect    : ARGS : [1, 5, {}]
2022-05-18 15:45:03.340  INFO 1816 --- [http-nio-8081-exec-8] c.z.i.r.tutor.config.aspect.LogAspect    : REQUEST PARAMETER: {pageSize=5, pageNum=1}
2022-05-18 15:45:03.338  INFO 1816 --- [http-nio-8081-exec-7] c.z.i.r.tutor.config.aspect.LogAspect    : 请求开始=====================================================================================
2022-05-18 15:45:03.342  INFO 1816 --- [http-nio-8081-exec-7] c.z.i.r.tutor.config.aspect.LogAspect    : URL : http://localhost:8081/student/info
2022-05-18 15:45:03.343  INFO 1816 --- [http-nio-8081-exec-7] c.z.i.r.tutor.config.aspect.LogAspect    : HTTP_METHOD : GET
2022-05-18 15:45:03.343  INFO 1816 --- [http-nio-8081-exec-7] c.z.i.r.tutor.config.aspect.LogAspect    : IP : 0:0:0:0:0:0:0:1
2022-05-18 15:45:03.343  INFO 1816 --- [http-nio-8081-exec-7] c.z.i.r.tutor.config.aspect.LogAspect    : X-Forwarded-For : null
2022-05-18 15:45:03.343  INFO 1816 --- [http-nio-8081-exec-7] c.z.i.r.tutor.config.aspect.LogAspect    : CLASS_METHOD : com.zjut.ida.recommend.tutor.module.dashboard.controller.StudentController.info
2022-05-18 15:45:03.343  INFO 1816 --- [http-nio-8081-exec-7] c.z.i.r.tutor.config.aspect.LogAspect    : ARGS : [{}]
2022-05-18 15:45:03.343  INFO 1816 --- [http-nio-8081-exec-7] c.z.i.r.tutor.config.aspect.LogAspect    : REQUEST PARAMETER: {}
2022-05-18 15:45:03.369  INFO 1816 --- [http-nio-8081-exec-7] c.z.i.r.tutor.config.aspect.LogAspect    : 请求结束====================================================================================
2022-05-18 15:45:03.369  INFO 1816 --- [http-nio-8081-exec-7] c.z.i.r.tutor.config.aspect.LogAspect    : return : student/student_info
2022-05-18 15:45:03.369  INFO 1816 --- [http-nio-8081-exec-7] c.z.i.r.tutor.config.aspect.LogAspect    : com.zjut.ida.recommend.tutor.module.dashboard.controller.StudentController.info SPEND TIME : 31ms
2022-05-18 15:45:03.424  INFO 1816 --- [http-nio-8081-exec-8] c.z.i.r.tutor.config.aspect.LogAspect    : 请求结束====================================================================================
2022-05-18 15:45:03.424  INFO 1816 --- [http-nio-8081-exec-8] c.z.i.r.tutor.config.aspect.LogAspect    : return : student/student_history_list
2022-05-18 15:45:03.424  INFO 1816 --- [http-nio-8081-exec-8] c.z.i.r.tutor.config.aspect.LogAspect    : com.zjut.ida.recommend.tutor.module.dashboard.controller.StudentController.historyList SPEND TIME : 86ms
2022-05-18 16:00:56.312  INFO 1816 --- [http-nio-8081-exec-10] c.z.i.r.tutor.config.aspect.LogAspect    : 请求开始=====================================================================================
2022-05-18 16:00:56.312  INFO 1816 --- [http-nio-8081-exec-10] c.z.i.r.tutor.config.aspect.LogAspect    : URL : http://localhost:8081/dict/college/list
2022-05-18 16:00:56.312  INFO 1816 --- [http-nio-8081-exec-10] c.z.i.r.tutor.config.aspect.LogAspect    : HTTP_METHOD : GET
2022-05-18 16:00:56.312  INFO 1816 --- [http-nio-8081-exec-10] c.z.i.r.tutor.config.aspect.LogAspect    : IP : 0:0:0:0:0:0:0:1
2022-05-18 16:00:56.312  INFO 1816 --- [http-nio-8081-exec-10] c.z.i.r.tutor.config.aspect.LogAspect    : X-Forwarded-For : null
2022-05-18 16:00:56.312  INFO 1816 --- [http-nio-8081-exec-10] c.z.i.r.tutor.config.aspect.LogAspect    : CLASS_METHOD : com.zjut.ida.recommend.tutor.module.common.controller.CommonDictController.collegeList
2022-05-18 16:00:56.312  INFO 1816 --- [http-nio-8081-exec-10] c.z.i.r.tutor.config.aspect.LogAspect    : ARGS : []
2022-05-18 16:00:56.312  INFO 1816 --- [http-nio-8081-exec-10] c.z.i.r.tutor.config.aspect.LogAspect    : REQUEST PARAMETER: {}
2022-05-18 16:00:56.312  INFO 1816 --- [http-nio-8081-exec-9] c.z.i.r.tutor.config.aspect.LogAspect    : 请求开始=====================================================================================
2022-05-18 16:00:56.316  INFO 1816 --- [http-nio-8081-exec-9] c.z.i.r.tutor.config.aspect.LogAspect    : URL : http://localhost:8081/dict/admission/list
2022-05-18 16:00:56.316  INFO 1816 --- [http-nio-8081-exec-9] c.z.i.r.tutor.config.aspect.LogAspect    : HTTP_METHOD : GET
2022-05-18 16:00:56.317  INFO 1816 --- [http-nio-8081-exec-9] c.z.i.r.tutor.config.aspect.LogAspect    : IP : 0:0:0:0:0:0:0:1
2022-05-18 16:00:56.317  INFO 1816 --- [http-nio-8081-exec-9] c.z.i.r.tutor.config.aspect.LogAspect    : X-Forwarded-For : null
2022-05-18 16:00:56.317  INFO 1816 --- [http-nio-8081-exec-9] c.z.i.r.tutor.config.aspect.LogAspect    : CLASS_METHOD : com.zjut.ida.recommend.tutor.module.common.controller.CommonDictController.admissionYearList
2022-05-18 16:00:56.317  INFO 1816 --- [http-nio-8081-exec-9] c.z.i.r.tutor.config.aspect.LogAspect    : ARGS : []
2022-05-18 16:00:56.317  INFO 1816 --- [http-nio-8081-exec-9] c.z.i.r.tutor.config.aspect.LogAspect    : REQUEST PARAMETER: {}
2022-05-18 16:00:56.356  INFO 1816 --- [http-nio-8081-exec-10] c.z.i.r.tutor.config.aspect.LogAspect    : 请求结束====================================================================================
2022-05-18 16:00:56.357  INFO 1816 --- [http-nio-8081-exec-10] c.z.i.r.tutor.config.aspect.LogAspect    : return : {"result_msg":"成功","data":["药学院","材料与工程学院","建筑工程学院","信息工程学院","教育科学与技术学院","人文学院","法学院","政治与公共管理学院","成人教育学院","环境学院","经济学院","计算机科学与技术学院","化学工程学院","海洋学院","经贸管理学院","理学院","设计艺术学院","健行学院","外国语学院","国际学院","机械工程学院","管理学院"],"result_code":0}
2022-05-18 16:00:56.357  INFO 1816 --- [http-nio-8081-exec-10] c.z.i.r.tutor.config.aspect.LogAspect    : com.zjut.ida.recommend.tutor.module.common.controller.CommonDictController.collegeList SPEND TIME : 45ms
2022-05-18 16:00:56.362  INFO 1816 --- [http-nio-8081-exec-9] c.z.i.r.tutor.config.aspect.LogAspect    : 请求结束====================================================================================
2022-05-18 16:00:56.365  INFO 1816 --- [http-nio-8081-exec-9] c.z.i.r.tutor.config.aspect.LogAspect    : return : {"result_msg":"成功","data":[2017,2016,0],"result_code":0}
2022-05-18 16:00:56.367  INFO 1816 --- [http-nio-8081-exec-9] c.z.i.r.tutor.config.aspect.LogAspect    : com.zjut.ida.recommend.tutor.module.common.controller.CommonDictController.admissionYearList SPEND TIME : 55ms
2022-05-18 16:00:56.373  INFO 1816 --- [http-nio-8081-exec-7] c.z.i.r.tutor.config.aspect.LogAspect    : 请求开始=====================================================================================
2022-05-18 16:00:56.373  INFO 1816 --- [http-nio-8081-exec-7] c.z.i.r.tutor.config.aspect.LogAspect    : URL : http://localhost:8081/student/info
2022-05-18 16:00:56.373  INFO 1816 --- [http-nio-8081-exec-7] c.z.i.r.tutor.config.aspect.LogAspect    : HTTP_METHOD : GET
2022-05-18 16:00:56.373  INFO 1816 --- [http-nio-8081-exec-7] c.z.i.r.tutor.config.aspect.LogAspect    : IP : 0:0:0:0:0:0:0:1
2022-05-18 16:00:56.373  INFO 1816 --- [http-nio-8081-exec-7] c.z.i.r.tutor.config.aspect.LogAspect    : X-Forwarded-For : null
2022-05-18 16:00:56.373  INFO 1816 --- [http-nio-8081-exec-7] c.z.i.r.tutor.config.aspect.LogAspect    : CLASS_METHOD : com.zjut.ida.recommend.tutor.module.dashboard.controller.StudentController.info
2022-05-18 16:00:56.373  INFO 1816 --- [http-nio-8081-exec-7] c.z.i.r.tutor.config.aspect.LogAspect    : ARGS : [{}]
2022-05-18 16:00:56.373  INFO 1816 --- [http-nio-8081-exec-7] c.z.i.r.tutor.config.aspect.LogAspect    : REQUEST PARAMETER: {}
2022-05-18 16:00:56.374  INFO 1816 --- [http-nio-8081-exec-7] c.z.i.r.tutor.config.aspect.LogAspect    : 请求结束====================================================================================
2022-05-18 16:00:56.374  INFO 1816 --- [http-nio-8081-exec-7] c.z.i.r.tutor.config.aspect.LogAspect    : return : student/student_info
2022-05-18 16:00:56.374  INFO 1816 --- [http-nio-8081-exec-7] c.z.i.r.tutor.config.aspect.LogAspect    : com.zjut.ida.recommend.tutor.module.dashboard.controller.StudentController.info SPEND TIME : 2ms
2022-05-18 16:00:56.385  INFO 1816 --- [http-nio-8081-exec-8] c.z.i.r.tutor.config.aspect.LogAspect    : 请求开始=====================================================================================
2022-05-18 16:00:56.385  INFO 1816 --- [http-nio-8081-exec-8] c.z.i.r.tutor.config.aspect.LogAspect    : URL : http://localhost:8081/student/history/list
2022-05-18 16:00:56.386  INFO 1816 --- [http-nio-8081-exec-8] c.z.i.r.tutor.config.aspect.LogAspect    : HTTP_METHOD : GET
2022-05-18 16:00:56.386  INFO 1816 --- [http-nio-8081-exec-8] c.z.i.r.tutor.config.aspect.LogAspect    : IP : 0:0:0:0:0:0:0:1
2022-05-18 16:00:56.386  INFO 1816 --- [http-nio-8081-exec-8] c.z.i.r.tutor.config.aspect.LogAspect    : X-Forwarded-For : null
2022-05-18 16:00:56.386  INFO 1816 --- [http-nio-8081-exec-8] c.z.i.r.tutor.config.aspect.LogAspect    : CLASS_METHOD : com.zjut.ida.recommend.tutor.module.dashboard.controller.StudentController.historyList
2022-05-18 16:00:56.386  INFO 1816 --- [http-nio-8081-exec-8] c.z.i.r.tutor.config.aspect.LogAspect    : ARGS : [1, 5, {}]
2022-05-18 16:00:56.386  INFO 1816 --- [http-nio-8081-exec-8] c.z.i.r.tutor.config.aspect.LogAspect    : REQUEST PARAMETER: {pageSize=5, pageNum=1}
2022-05-18 16:00:56.425  INFO 1816 --- [http-nio-8081-exec-8] c.z.i.r.tutor.config.aspect.LogAspect    : 请求结束====================================================================================
2022-05-18 16:00:56.426  INFO 1816 --- [http-nio-8081-exec-8] c.z.i.r.tutor.config.aspect.LogAspect    : return : student/student_history_list
2022-05-18 16:00:56.426  INFO 1816 --- [http-nio-8081-exec-8] c.z.i.r.tutor.config.aspect.LogAspect    : com.zjut.ida.recommend.tutor.module.dashboard.controller.StudentController.historyList SPEND TIME : 42ms
2022-05-18 16:01:06.892  INFO 1816 --- [http-nio-8081-exec-2] c.z.i.r.tutor.config.aspect.LogAspect    : 请求开始=====================================================================================
2022-05-18 16:01:06.893  INFO 1816 --- [http-nio-8081-exec-2] c.z.i.r.tutor.config.aspect.LogAspect    : URL : http://localhost:8081/student/login
2022-05-18 16:01:06.893  INFO 1816 --- [http-nio-8081-exec-2] c.z.i.r.tutor.config.aspect.LogAspect    : HTTP_METHOD : POST
2022-05-18 16:01:06.893  INFO 1816 --- [http-nio-8081-exec-2] c.z.i.r.tutor.config.aspect.LogAspect    : IP : 0:0:0:0:0:0:0:1
2022-05-18 16:01:06.893  INFO 1816 --- [http-nio-8081-exec-2] c.z.i.r.tutor.config.aspect.LogAspect    : X-Forwarded-For : null
2022-05-18 16:01:06.893  INFO 1816 --- [http-nio-8081-exec-2] c.z.i.r.tutor.config.aspect.LogAspect    : CLASS_METHOD : com.zjut.ida.recommend.tutor.module.home.controller.StudentController.login
2022-05-18 16:01:06.894  INFO 1816 --- [http-nio-8081-exec-2] c.z.i.r.tutor.config.aspect.LogAspect    : ARGS : [LoginDTO(studentId=201706062526, password=1223456)]
2022-05-18 16:01:06.894  INFO 1816 --- [http-nio-8081-exec-2] c.z.i.r.tutor.config.aspect.LogAspect    : REQUEST PARAMETER: {}
2022-05-18 16:01:06.919 ERROR 1816 --- [http-nio-8081-exec-2] c.z.i.r.tutor.config.aspect.LogAspect    : 用户密码错误
2022-05-18 16:01:06.921  INFO 1816 --- [http-nio-8081-exec-2] c.z.i.r.tutor.config.aspect.LogAspect    : 错误请求结束=================================================================================
2022-05-18 16:01:13.822  INFO 1816 --- [http-nio-8081-exec-4] c.z.i.r.tutor.config.aspect.LogAspect    : 请求开始=====================================================================================
2022-05-18 16:01:13.822  INFO 1816 --- [http-nio-8081-exec-4] c.z.i.r.tutor.config.aspect.LogAspect    : URL : http://localhost:8081/student/login
2022-05-18 16:01:13.822  INFO 1816 --- [http-nio-8081-exec-4] c.z.i.r.tutor.config.aspect.LogAspect    : HTTP_METHOD : POST
2022-05-18 16:01:13.822  INFO 1816 --- [http-nio-8081-exec-4] c.z.i.r.tutor.config.aspect.LogAspect    : IP : 0:0:0:0:0:0:0:1
2022-05-18 16:01:13.822  INFO 1816 --- [http-nio-8081-exec-4] c.z.i.r.tutor.config.aspect.LogAspect    : X-Forwarded-For : null
2022-05-18 16:01:13.823  INFO 1816 --- [http-nio-8081-exec-4] c.z.i.r.tutor.config.aspect.LogAspect    : CLASS_METHOD : com.zjut.ida.recommend.tutor.module.home.controller.StudentController.login
2022-05-18 16:01:13.823  INFO 1816 --- [http-nio-8081-exec-4] c.z.i.r.tutor.config.aspect.LogAspect    : ARGS : [LoginDTO(studentId=201706062526, password=123456)]
2022-05-18 16:01:13.823  INFO 1816 --- [http-nio-8081-exec-4] c.z.i.r.tutor.config.aspect.LogAspect    : REQUEST PARAMETER: {}
2022-05-18 16:01:13.853  INFO 1816 --- [http-nio-8081-exec-4] c.z.i.r.tutor.config.aspect.LogAspect    : 请求结束====================================================================================
2022-05-18 16:01:13.853  INFO 1816 --- [http-nio-8081-exec-4] c.z.i.r.tutor.config.aspect.LogAspect    : return : {"result_msg":"成功","data":{"user":{"studentClass":"软工1704","studentId":"201706062526","studentName":"王怡静"},"token":"12e7ddb3c1294b08a936fd4244fb6a66"},"result_code":0}
2022-05-18 16:01:13.854  INFO 1816 --- [http-nio-8081-exec-4] c.z.i.r.tutor.config.aspect.LogAspect    : com.zjut.ida.recommend.tutor.module.home.controller.StudentController.login SPEND TIME : 32ms
2022-05-18 16:01:16.189  INFO 1816 --- [http-nio-8081-exec-9] c.z.i.r.tutor.config.aspect.LogAspect    : 请求开始=====================================================================================
2022-05-18 16:01:16.191  INFO 1816 --- [http-nio-8081-exec-9] c.z.i.r.tutor.config.aspect.LogAspect    : URL : http://localhost:8081/dict/college/list
2022-05-18 16:01:16.191  INFO 1816 --- [http-nio-8081-exec-9] c.z.i.r.tutor.config.aspect.LogAspect    : HTTP_METHOD : GET
2022-05-18 16:01:16.191  INFO 1816 --- [http-nio-8081-exec-9] c.z.i.r.tutor.config.aspect.LogAspect    : IP : 0:0:0:0:0:0:0:1
2022-05-18 16:01:16.191  INFO 1816 --- [http-nio-8081-exec-9] c.z.i.r.tutor.config.aspect.LogAspect    : X-Forwarded-For : null
2022-05-18 16:01:16.191  INFO 1816 --- [http-nio-8081-exec-9] c.z.i.r.tutor.config.aspect.LogAspect    : CLASS_METHOD : com.zjut.ida.recommend.tutor.module.common.controller.CommonDictController.collegeList
2022-05-18 16:01:16.192  INFO 1816 --- [http-nio-8081-exec-9] c.z.i.r.tutor.config.aspect.LogAspect    : ARGS : []
2022-05-18 16:01:16.192  INFO 1816 --- [http-nio-8081-exec-9] c.z.i.r.tutor.config.aspect.LogAspect    : REQUEST PARAMETER: {}
2022-05-18 16:01:16.207  INFO 1816 --- [http-nio-8081-exec-10] c.z.i.r.tutor.config.aspect.LogAspect    : 请求开始=====================================================================================
2022-05-18 16:01:16.207  INFO 1816 --- [http-nio-8081-exec-10] c.z.i.r.tutor.config.aspect.LogAspect    : URL : http://localhost:8081/dict/admission/list
2022-05-18 16:01:16.207  INFO 1816 --- [http-nio-8081-exec-10] c.z.i.r.tutor.config.aspect.LogAspect    : HTTP_METHOD : GET
2022-05-18 16:01:16.207  INFO 1816 --- [http-nio-8081-exec-10] c.z.i.r.tutor.config.aspect.LogAspect    : IP : 0:0:0:0:0:0:0:1
2022-05-18 16:01:16.207  INFO 1816 --- [http-nio-8081-exec-10] c.z.i.r.tutor.config.aspect.LogAspect    : X-Forwarded-For : null
2022-05-18 16:01:16.207  INFO 1816 --- [http-nio-8081-exec-10] c.z.i.r.tutor.config.aspect.LogAspect    : CLASS_METHOD : com.zjut.ida.recommend.tutor.module.common.controller.CommonDictController.admissionYearList
2022-05-18 16:01:16.207  INFO 1816 --- [http-nio-8081-exec-10] c.z.i.r.tutor.config.aspect.LogAspect    : ARGS : []
2022-05-18 16:01:16.207  INFO 1816 --- [http-nio-8081-exec-10] c.z.i.r.tutor.config.aspect.LogAspect    : REQUEST PARAMETER: {}
2022-05-18 16:01:16.208  INFO 1816 --- [http-nio-8081-exec-9] c.z.i.r.tutor.config.aspect.LogAspect    : 请求结束====================================================================================
2022-05-18 16:01:16.208  INFO 1816 --- [http-nio-8081-exec-9] c.z.i.r.tutor.config.aspect.LogAspect    : return : {"result_msg":"成功","data":["药学院","材料与工程学院","建筑工程学院","信息工程学院","教育科学与技术学院","人文学院","法学院","政治与公共管理学院","成人教育学院","环境学院","经济学院","计算机科学与技术学院","化学工程学院","海洋学院","经贸管理学院","理学院","设计艺术学院","健行学院","外国语学院","国际学院","机械工程学院","管理学院"],"result_code":0}
2022-05-18 16:01:16.212  INFO 1816 --- [http-nio-8081-exec-9] c.z.i.r.tutor.config.aspect.LogAspect    : com.zjut.ida.recommend.tutor.module.common.controller.CommonDictController.collegeList SPEND TIME : 23ms
2022-05-18 16:01:16.222  INFO 1816 --- [http-nio-8081-exec-10] c.z.i.r.tutor.config.aspect.LogAspect    : 请求结束====================================================================================
2022-05-18 16:01:16.222  INFO 1816 --- [http-nio-8081-exec-10] c.z.i.r.tutor.config.aspect.LogAspect    : return : {"result_msg":"成功","data":[2017,2016,0],"result_code":0}
2022-05-18 16:01:16.222  INFO 1816 --- [http-nio-8081-exec-10] c.z.i.r.tutor.config.aspect.LogAspect    : com.zjut.ida.recommend.tutor.module.common.controller.CommonDictController.admissionYearList SPEND TIME : 15ms
2022-05-18 16:01:16.262  INFO 1816 --- [http-nio-8081-exec-9] c.z.i.r.tutor.config.aspect.LogAspect    : 请求开始=====================================================================================
2022-05-18 16:01:16.262  INFO 1816 --- [http-nio-8081-exec-9] c.z.i.r.tutor.config.aspect.LogAspect    : URL : http://localhost:8081/student/info
2022-05-18 16:01:16.262  INFO 1816 --- [http-nio-8081-exec-9] c.z.i.r.tutor.config.aspect.LogAspect    : HTTP_METHOD : GET
2022-05-18 16:01:16.262  INFO 1816 --- [http-nio-8081-exec-9] c.z.i.r.tutor.config.aspect.LogAspect    : IP : 0:0:0:0:0:0:0:1
2022-05-18 16:01:16.263  INFO 1816 --- [http-nio-8081-exec-9] c.z.i.r.tutor.config.aspect.LogAspect    : X-Forwarded-For : null
2022-05-18 16:01:16.263  INFO 1816 --- [http-nio-8081-exec-9] c.z.i.r.tutor.config.aspect.LogAspect    : CLASS_METHOD : com.zjut.ida.recommend.tutor.module.dashboard.controller.StudentController.info
2022-05-18 16:01:16.263  INFO 1816 --- [http-nio-8081-exec-9] c.z.i.r.tutor.config.aspect.LogAspect    : ARGS : [{}]
2022-05-18 16:01:16.263  INFO 1816 --- [http-nio-8081-exec-9] c.z.i.r.tutor.config.aspect.LogAspect    : REQUEST PARAMETER: {}
2022-05-18 16:01:16.264  INFO 1816 --- [http-nio-8081-exec-9] c.z.i.r.tutor.config.aspect.LogAspect    : 请求结束====================================================================================
2022-05-18 16:01:16.264  INFO 1816 --- [http-nio-8081-exec-9] c.z.i.r.tutor.config.aspect.LogAspect    : return : student/student_info
2022-05-18 16:01:16.265  INFO 1816 --- [http-nio-8081-exec-9] c.z.i.r.tutor.config.aspect.LogAspect    : com.zjut.ida.recommend.tutor.module.dashboard.controller.StudentController.info SPEND TIME : 4ms
2022-05-18 16:01:16.265  INFO 1816 --- [http-nio-8081-exec-8] c.z.i.r.tutor.config.aspect.LogAspect    : 请求开始=====================================================================================
2022-05-18 16:01:16.266  INFO 1816 --- [http-nio-8081-exec-8] c.z.i.r.tutor.config.aspect.LogAspect    : URL : http://localhost:8081/student/history/list
2022-05-18 16:01:16.266  INFO 1816 --- [http-nio-8081-exec-8] c.z.i.r.tutor.config.aspect.LogAspect    : HTTP_METHOD : GET
2022-05-18 16:01:16.266  INFO 1816 --- [http-nio-8081-exec-8] c.z.i.r.tutor.config.aspect.LogAspect    : IP : 0:0:0:0:0:0:0:1
2022-05-18 16:01:16.266  INFO 1816 --- [http-nio-8081-exec-8] c.z.i.r.tutor.config.aspect.LogAspect    : X-Forwarded-For : null
2022-05-18 16:01:16.266  INFO 1816 --- [http-nio-8081-exec-8] c.z.i.r.tutor.config.aspect.LogAspect    : CLASS_METHOD : com.zjut.ida.recommend.tutor.module.dashboard.controller.StudentController.historyList
2022-05-18 16:01:16.266  INFO 1816 --- [http-nio-8081-exec-8] c.z.i.r.tutor.config.aspect.LogAspect    : ARGS : [1, 5, {}]
2022-05-18 16:01:16.266  INFO 1816 --- [http-nio-8081-exec-8] c.z.i.r.tutor.config.aspect.LogAspect    : REQUEST PARAMETER: {pageSize=5, pageNum=1}
2022-05-18 16:01:16.324  INFO 1816 --- [http-nio-8081-exec-8] c.z.i.r.tutor.config.aspect.LogAspect    : 请求结束====================================================================================
2022-05-18 16:01:16.325  INFO 1816 --- [http-nio-8081-exec-8] c.z.i.r.tutor.config.aspect.LogAspect    : return : student/student_history_list
2022-05-18 16:01:16.325  INFO 1816 --- [http-nio-8081-exec-8] c.z.i.r.tutor.config.aspect.LogAspect    : com.zjut.ida.recommend.tutor.module.dashboard.controller.StudentController.historyList SPEND TIME : 61ms
2022-05-18 16:02:04.182  INFO 1816 --- [http-nio-8081-exec-1] c.z.i.r.tutor.config.aspect.LogAspect    : 请求开始=====================================================================================
2022-05-18 16:02:04.183  INFO 1816 --- [http-nio-8081-exec-1] c.z.i.r.tutor.config.aspect.LogAspect    : URL : http://localhost:8081/student/login
2022-05-18 16:02:04.183  INFO 1816 --- [http-nio-8081-exec-1] c.z.i.r.tutor.config.aspect.LogAspect    : HTTP_METHOD : POST
2022-05-18 16:02:04.184  INFO 1816 --- [http-nio-8081-exec-1] c.z.i.r.tutor.config.aspect.LogAspect    : IP : 0:0:0:0:0:0:0:1
2022-05-18 16:02:04.184  INFO 1816 --- [http-nio-8081-exec-1] c.z.i.r.tutor.config.aspect.LogAspect    : X-Forwarded-For : null
2022-05-18 16:02:04.184  INFO 1816 --- [http-nio-8081-exec-1] c.z.i.r.tutor.config.aspect.LogAspect    : CLASS_METHOD : com.zjut.ida.recommend.tutor.module.home.controller.StudentController.login
2022-05-18 16:02:04.184  INFO 1816 --- [http-nio-8081-exec-1] c.z.i.r.tutor.config.aspect.LogAspect    : ARGS : [LoginDTO(studentId=201806150128, password=123456)]
2022-05-18 16:02:04.185  INFO 1816 --- [http-nio-8081-exec-1] c.z.i.r.tutor.config.aspect.LogAspect    : REQUEST PARAMETER: {}
2022-05-18 16:02:04.216  INFO 1816 --- [http-nio-8081-exec-1] c.z.i.r.tutor.config.aspect.LogAspect    : 请求结束====================================================================================
2022-05-18 16:02:04.216  INFO 1816 --- [http-nio-8081-exec-1] c.z.i.r.tutor.config.aspect.LogAspect    : return : {"result_msg":"成功","data":{"user":{"studentClass":"软件工程(中外合作办学)","studentId":"201806150128","studentName":"张佩雅"},"token":"fad6c9a9ae1b4b84a39a7741d6702d0e"},"result_code":0}
2022-05-18 16:02:04.216  INFO 1816 --- [http-nio-8081-exec-1] c.z.i.r.tutor.config.aspect.LogAspect    : com.zjut.ida.recommend.tutor.module.home.controller.StudentController.login SPEND TIME : 34ms
